Mono path[0] = '/home/576/gp9465/UnityBuilds/TS/Shepherding_BB_Data/Managed'
Mono config path = '/home/576/gp9465/UnityBuilds/TS/Shepherding_BB_Data/MonoBleedingEdge/etc'
Preloaded 'lib_burst_generated.so'
Preloaded 'libgrpc_csharp_ext.x64.so'
Preloaded 'libopus_egpv.so'
Initialize engine version: 2019.4.9f1 (50fe8a171dd9)
[Subsystems] Discovering subsystems at path /home/576/gp9465/UnityBuilds/TS/Shepherding_BB_Data/UnitySubsystems
Forcing GfxDevice: Null
GfxDevice: creating device client; threaded=0
NullGfxDevice:
    Version:  NULL 1.0 [1.0]
    Renderer: Null Device
    Vendor:   Unity Technologies
Begin MonoManager ReloadAssembly
- Completed reload, in  0.461 seconds
UnloadTime: 2.781201 ms
Fallback handler could not load library /home/576/gp9465/UnityBuilds/TS/Shepherding_BB_Data/Mono/libcoreclr.so
Fallback handler could not load library /home/576/gp9465/UnityBuilds/TS/Shepherding_BB_Data/Mono/libcoreclr.so
Fallback handler could not load library /home/576/gp9465/UnityBuilds/TS/Shepherding_BB_Data/Mono/libcoreclr.so
Fallback handler could not load library /home/576/gp9465/UnityBuilds/TS/Shepherding_BB_Data/Mono/libSystem.dylib
Fallback handler could not load library /home/576/gp9465/UnityBuilds/TS/Shepherding_BB_Data/Mono/libSystem.dylib.so
Fallback handler could not load library /home/576/gp9465/UnityBuilds/TS/Shepherding_BB_Data/Mono/libSystem.dylib
Fallback handler could not load library /home/576/gp9465/UnityBuilds/TS/Shepherding_BB_Data/Mono/libcoreclr.so
Fallback handler could not load library /home/576/gp9465/UnityBuilds/TS/Shepherding_BB_Data/Mono/libcoreclr.so
Fallback handler could not load library /home/576/gp9465/UnityBuilds/TS/Shepherding_BB_Data/Mono/libcoreclr.so
Fallback handler could not load library /home/576/gp9465/UnityBuilds/TS/Shepherding_BB_Data/Mono/libSystem.dylib
Fallback handler could not load library /home/576/gp9465/UnityBuilds/TS/Shepherding_BB_Data/Mono/libSystem.dylib.so
Fallback handler could not load library /home/576/gp9465/UnityBuilds/TS/Shepherding_BB_Data/Mono/libSystem.dylib
stepping curruculum 0 
(Filename: ./Runtime/Export/Debug/Debug.bindings.h Line: 35)

stepping curruculum 0 
(Filename: ./Runtime/Export/Debug/Debug.bindings.h Line: 35)

stepping curruculum 0 
(Filename: ./Runtime/Export/Debug/Debug.bindings.h Line: 35)

stepping curruculum 0 
(Filename: ./Runtime/Export/Debug/Debug.bindings.h Line: 35)

stepping curruculum 0 
(Filename: ./Runtime/Export/Debug/Debug.bindings.h Line: 35)

stepping curruculum 0 
(Filename: ./Runtime/Export/Debug/Debug.bindings.h Line: 35)

stepping curruculum 0 
(Filename: ./Runtime/Export/Debug/Debug.bindings.h Line: 35)

stepping curruculum 0 
(Filename: ./Runtime/Export/Debug/Debug.bindings.h Line: 35)

stepping curruculum 0 
(Filename: ./Runtime/Export/Debug/Debug.bindings.h Line: 35)

stepping curruculum 0 
(Filename: ./Runtime/Export/Debug/Debug.bindings.h Line: 35)

stepping curruculum 0 
(Filename: ./Runtime/Export/Debug/Debug.bindings.h Line: 35)

stepping curruculum 0 
(Filename: ./Runtime/Export/Debug/Debug.bindings.h Line: 35)

stepping curruculum 0 
(Filename: ./Runtime/Export/Debug/Debug.bindings.h Line: 35)

stepping curruculum 0 
(Filename: ./Runtime/Export/Debug/Debug.bindings.h Line: 35)

stepping curruculum 0 
(Filename: ./Runtime/Export/Debug/Debug.bindings.h Line: 35)

stepping curruculum 0 
(Filename: ./Runtime/Export/Debug/Debug.bindings.h Line: 35)

stepping curruculum 0 
(Filename: ./Runtime/Export/Debug/Debug.bindings.h Line: 35)

stepping curruculum 0 
(Filename: ./Runtime/Export/Debug/Debug.bindings.h Line: 35)

stepping curruculum 1 
(Filename: ./Runtime/Export/Debug/Debug.bindings.h Line: 35)

stepping curruculum 1 
(Filename: ./Runtime/Export/Debug/Debug.bindings.h Line: 35)

stepping curruculum 1 
(Filename: ./Runtime/Export/Debug/Debug.bindings.h Line: 35)

stepping curruculum 1 
(Filename: ./Runtime/Export/Debug/Debug.bindings.h Line: 35)

stepping curruculum 1 
(Filename: ./Runtime/Export/Debug/Debug.bindings.h Line: 35)

stepping curruculum 1 
(Filename: ./Runtime/Export/Debug/Debug.bindings.h Line: 35)

stepping curruculum 1 
(Filename: ./Runtime/Export/Debug/Debug.bindings.h Line: 35)

stepping curruculum 1 
(Filename: ./Runtime/Export/Debug/Debug.bindings.h Line: 35)

stepping curruculum 1 
(Filename: ./Runtime/Export/Debug/Debug.bindings.h Line: 35)

stepping curruculum 1 
(Filename: ./Runtime/Export/Debug/Debug.bindings.h Line: 35)

stepping curruculum 1 
(Filename: ./Runtime/Export/Debug/Debug.bindings.h Line: 35)

stepping curruculum 1 
(Filename: ./Runtime/Export/Debug/Debug.bindings.h Line: 35)

stepping curruculum 1 
(Filename: ./Runtime/Export/Debug/Debug.bindings.h Line: 35)

stepping curruculum 1 
(Filename: ./Runtime/Export/Debug/Debug.bindings.h Line: 35)

stepping curruculum 1 
(Filename: ./Runtime/Export/Debug/Debug.bindings.h Line: 35)

stepping curruculum 1 
(Filename: ./Runtime/Export/Debug/Debug.bindings.h Line: 35)

stepping curruculum 1 
(Filename: ./Runtime/Export/Debug/Debug.bindings.h Line: 35)

stepping curruculum 1 
(Filename: ./Runtime/Export/Debug/Debug.bindings.h Line: 35)

stepping curruculum 2 
(Filename: ./Runtime/Export/Debug/Debug.bindings.h Line: 35)

stepping curruculum 2 
(Filename: ./Runtime/Export/Debug/Debug.bindings.h Line: 35)

stepping curruculum 2 
(Filename: ./Runtime/Export/Debug/Debug.bindings.h Line: 35)

stepping curruculum 2 
(Filename: ./Runtime/Export/Debug/Debug.bindings.h Line: 35)

stepping curruculum 2 
(Filename: ./Runtime/Export/Debug/Debug.bindings.h Line: 35)

stepping curruculum 2 
(Filename: ./Runtime/Export/Debug/Debug.bindings.h Line: 35)

stepping curruculum 2 
(Filename: ./Runtime/Export/Debug/Debug.bindings.h Line: 35)

stepping curruculum 2 
(Filename: ./Runtime/Export/Debug/Debug.bindings.h Line: 35)

stepping curruculum 2 
(Filename: ./Runtime/Export/Debug/Debug.bindings.h Line: 35)

stepping curruculum 2 
(Filename: ./Runtime/Export/Debug/Debug.bindings.h Line: 35)

stepping curruculum 2 
(Filename: ./Runtime/Export/Debug/Debug.bindings.h Line: 35)

stepping curruculum 2 
(Filename: ./Runtime/Export/Debug/Debug.bindings.h Line: 35)

stepping curruculum 2 
(Filename: ./Runtime/Export/Debug/Debug.bindings.h Line: 35)

stepping curruculum 2 
(Filename: ./Runtime/Export/Debug/Debug.bindings.h Line: 35)

stepping curruculum 2 
(Filename: ./Runtime/Export/Debug/Debug.bindings.h Line: 35)

stepping curruculum 2 
(Filename: ./Runtime/Export/Debug/Debug.bindings.h Line: 35)

stepping curruculum 2 
(Filename: ./Runtime/Export/Debug/Debug.bindings.h Line: 35)

stepping curruculum 2 
(Filename: ./Runtime/Export/Debug/Debug.bindings.h Line: 35)

stepping curruculum 3 
(Filename: ./Runtime/Export/Debug/Debug.bindings.h Line: 35)

stepping curruculum 3 
(Filename: ./Runtime/Export/Debug/Debug.bindings.h Line: 35)

stepping curruculum 3 
(Filename: ./Runtime/Export/Debug/Debug.bindings.h Line: 35)

stepping curruculum 3 
(Filename: ./Runtime/Export/Debug/Debug.bindings.h Line: 35)

stepping curruculum 3 
(Filename: ./Runtime/Export/Debug/Debug.bindings.h Line: 35)

stepping curruculum 3 
(Filename: ./Runtime/Export/Debug/Debug.bindings.h Line: 35)

stepping curruculum 3 
(Filename: ./Runtime/Export/Debug/Debug.bindings.h Line: 35)

stepping curruculum 3 
(Filename: ./Runtime/Export/Debug/Debug.bindings.h Line: 35)

stepping curruculum 3 
(Filename: ./Runtime/Export/Debug/Debug.bindings.h Line: 35)

stepping curruculum 3 
(Filename: ./Runtime/Export/Debug/Debug.bindings.h Line: 35)

stepping curruculum 3 
(Filename: ./Runtime/Export/Debug/Debug.bindings.h Line: 35)

stepping curruculum 3 
(Filename: ./Runtime/Export/Debug/Debug.bindings.h Line: 35)

stepping curruculum 3 
(Filename: ./Runtime/Export/Debug/Debug.bindings.h Line: 35)

stepping curruculum 3 
(Filename: ./Runtime/Export/Debug/Debug.bindings.h Line: 35)

stepping curruculum 3 
(Filename: ./Runtime/Export/Debug/Debug.bindings.h Line: 35)

stepping curruculum 3 
(Filename: ./Runtime/Export/Debug/Debug.bindings.h Line: 35)

stepping curruculum 3 
(Filename: ./Runtime/Export/Debug/Debug.bindings.h Line: 35)

stepping curruculum 3 
(Filename: ./Runtime/Export/Debug/Debug.bindings.h Line: 35)

stepping curruculum 4 
(Filename: ./Runtime/Export/Debug/Debug.bindings.h Line: 35)

stepping curruculum 4 
(Filename: ./Runtime/Export/Debug/Debug.bindings.h Line: 35)

stepping curruculum 4 
(Filename: ./Runtime/Export/Debug/Debug.bindings.h Line: 35)

stepping curruculum 4 
(Filename: ./Runtime/Export/Debug/Debug.bindings.h Line: 35)

stepping curruculum 4 
(Filename: ./Runtime/Export/Debug/Debug.bindings.h Line: 35)

stepping curruculum 4 
(Filename: ./Runtime/Export/Debug/Debug.bindings.h Line: 35)

stepping curruculum 4 
(Filename: ./Runtime/Export/Debug/Debug.bindings.h Line: 35)

stepping curruculum 4 
(Filename: ./Runtime/Export/Debug/Debug.bindings.h Line: 35)

stepping curruculum 4 
(Filename: ./Runtime/Export/Debug/Debug.bindings.h Line: 35)

stepping curruculum 4 
(Filename: ./Runtime/Export/Debug/Debug.bindings.h Line: 35)

stepping curruculum 4 
(Filename: ./Runtime/Export/Debug/Debug.bindings.h Line: 35)

stepping curruculum 4 
(Filename: ./Runtime/Export/Debug/Debug.bindings.h Line: 35)

stepping curruculum 4 
(Filename: ./Runtime/Export/Debug/Debug.bindings.h Line: 35)

stepping curruculum 4 
(Filename: ./Runtime/Export/Debug/Debug.bindings.h Line: 35)

stepping curruculum 4 
(Filename: ./Runtime/Export/Debug/Debug.bindings.h Line: 35)

stepping curruculum 4 
(Filename: ./Runtime/Export/Debug/Debug.bindings.h Line: 35)

stepping curruculum 4 
(Filename: ./Runtime/Export/Debug/Debug.bindings.h Line: 35)

stepping curruculum 4 
(Filename: ./Runtime/Export/Debug/Debug.bindings.h Line: 35)

stepping curruculum 5 
(Filename: ./Runtime/Export/Debug/Debug.bindings.h Line: 35)

stepping curruculum 5 
(Filename: ./Runtime/Export/Debug/Debug.bindings.h Line: 35)

stepping curruculum 5 
(Filename: ./Runtime/Export/Debug/Debug.bindings.h Line: 35)

stepping curruculum 5 
(Filename: ./Runtime/Export/Debug/Debug.bindings.h Line: 35)

stepping curruculum 5 
(Filename: ./Runtime/Export/Debug/Debug.bindings.h Line: 35)

stepping curruculum 5 
(Filename: ./Runtime/Export/Debug/Debug.bindings.h Line: 35)

stepping curruculum 5 
(Filename: ./Runtime/Export/Debug/Debug.bindings.h Line: 35)

stepping curruculum 5 
(Filename: ./Runtime/Export/Debug/Debug.bindings.h Line: 35)

stepping curruculum 5 
(Filename: ./Runtime/Export/Debug/Debug.bindings.h Line: 35)

stepping curruculum 5 
(Filename: ./Runtime/Export/Debug/Debug.bindings.h Line: 35)

stepping curruculum 5 
(Filename: ./Runtime/Export/Debug/Debug.bindings.h Line: 35)

stepping curruculum 5 
(Filename: ./Runtime/Export/Debug/Debug.bindings.h Line: 35)

stepping curruculum 5 
(Filename: ./Runtime/Export/Debug/Debug.bindings.h Line: 35)

stepping curruculum 5 
(Filename: ./Runtime/Export/Debug/Debug.bindings.h Line: 35)

stepping curruculum 5 
(Filename: ./Runtime/Export/Debug/Debug.bindings.h Line: 35)

stepping curruculum 5 
(Filename: ./Runtime/Export/Debug/Debug.bindings.h Line: 35)

stepping curruculum 5 
(Filename: ./Runtime/Export/Debug/Debug.bindings.h Line: 35)

stepping curruculum 5 
(Filename: ./Runtime/Export/Debug/Debug.bindings.h Line: 35)

stepping curruculum 6 
(Filename: ./Runtime/Export/Debug/Debug.bindings.h Line: 35)

stepping curruculum 6 
(Filename: ./Runtime/Export/Debug/Debug.bindings.h Line: 35)

stepping curruculum 6 
(Filename: ./Runtime/Export/Debug/Debug.bindings.h Line: 35)

stepping curruculum 6 
(Filename: ./Runtime/Export/Debug/Debug.bindings.h Line: 35)

stepping curruculum 6 
(Filename: ./Runtime/Export/Debug/Debug.bindings.h Line: 35)

stepping curruculum 6 
(Filename: ./Runtime/Export/Debug/Debug.bindings.h Line: 35)

stepping curruculum 6 
(Filename: ./Runtime/Export/Debug/Debug.bindings.h Line: 35)

stepping curruculum 6 
(Filename: ./Runtime/Export/Debug/Debug.bindings.h Line: 35)

stepping curruculum 6 
(Filename: ./Runtime/Export/Debug/Debug.bindings.h Line: 35)

stepping curruculum 6 
(Filename: ./Runtime/Export/Debug/Debug.bindings.h Line: 35)

stepping curruculum 6 
(Filename: ./Runtime/Export/Debug/Debug.bindings.h Line: 35)

stepping curruculum 6 
(Filename: ./Runtime/Export/Debug/Debug.bindings.h Line: 35)

stepping curruculum 6 
(Filename: ./Runtime/Export/Debug/Debug.bindings.h Line: 35)

stepping curruculum 6 
(Filename: ./Runtime/Export/Debug/Debug.bindings.h Line: 35)

stepping curruculum 6 
(Filename: ./Runtime/Export/Debug/Debug.bindings.h Line: 35)

stepping curruculum 6 
(Filename: ./Runtime/Export/Debug/Debug.bindings.h Line: 35)

stepping curruculum 6 
(Filename: ./Runtime/Export/Debug/Debug.bindings.h Line: 35)

stepping curruculum 6 
(Filename: ./Runtime/Export/Debug/Debug.bindings.h Line: 35)

stepping curruculum 7 
(Filename: ./Runtime/Export/Debug/Debug.bindings.h Line: 35)

stepping curruculum 7 
(Filename: ./Runtime/Export/Debug/Debug.bindings.h Line: 35)

stepping curruculum 7 
(Filename: ./Runtime/Export/Debug/Debug.bindings.h Line: 35)

stepping curruculum 7 
(Filename: ./Runtime/Export/Debug/Debug.bindings.h Line: 35)

stepping curruculum 7 
(Filename: ./Runtime/Export/Debug/Debug.bindings.h Line: 35)

stepping curruculum 7 
(Filename: ./Runtime/Export/Debug/Debug.bindings.h Line: 35)

stepping curruculum 7 
(Filename: ./Runtime/Export/Debug/Debug.bindings.h Line: 35)

stepping curruculum 7 
(Filename: ./Runtime/Export/Debug/Debug.bindings.h Line: 35)

stepping curruculum 7 
(Filename: ./Runtime/Export/Debug/Debug.bindings.h Line: 35)

stepping curruculum 7 
(Filename: ./Runtime/Export/Debug/Debug.bindings.h Line: 35)

stepping curruculum 7 
(Filename: ./Runtime/Export/Debug/Debug.bindings.h Line: 35)

stepping curruculum 7 
(Filename: ./Runtime/Export/Debug/Debug.bindings.h Line: 35)

stepping curruculum 7 
(Filename: ./Runtime/Export/Debug/Debug.bindings.h Line: 35)

stepping curruculum 7 
(Filename: ./Runtime/Export/Debug/Debug.bindings.h Line: 35)

stepping curruculum 7 
(Filename: ./Runtime/Export/Debug/Debug.bindings.h Line: 35)

stepping curruculum 7 
(Filename: ./Runtime/Export/Debug/Debug.bindings.h Line: 35)

stepping curruculum 7 
(Filename: ./Runtime/Export/Debug/Debug.bindings.h Line: 35)

stepping curruculum 7 
(Filename: ./Runtime/Export/Debug/Debug.bindings.h Line: 35)

stepping curruculum 8 
(Filename: ./Runtime/Export/Debug/Debug.bindings.h Line: 35)

stepping curruculum 8 
(Filename: ./Runtime/Export/Debug/Debug.bindings.h Line: 35)

stepping curruculum 8 
(Filename: ./Runtime/Export/Debug/Debug.bindings.h Line: 35)

stepping curruculum 8 
(Filename: ./Runtime/Export/Debug/Debug.bindings.h Line: 35)

stepping curruculum 8 
(Filename: ./Runtime/Export/Debug/Debug.bindings.h Line: 35)

stepping curruculum 8 
(Filename: ./Runtime/Export/Debug/Debug.bindings.h Line: 35)

stepping curruculum 8 
(Filename: ./Runtime/Export/Debug/Debug.bindings.h Line: 35)

stepping curruculum 8 
(Filename: ./Runtime/Export/Debug/Debug.bindings.h Line: 35)

stepping curruculum 8 
(Filename: ./Runtime/Export/Debug/Debug.bindings.h Line: 35)

stepping curruculum 8 
(Filename: ./Runtime/Export/Debug/Debug.bindings.h Line: 35)

stepping curruculum 8 
(Filename: ./Runtime/Export/Debug/Debug.bindings.h Line: 35)

stepping curruculum 8 
(Filename: ./Runtime/Export/Debug/Debug.bindings.h Line: 35)

stepping curruculum 8 
(Filename: ./Runtime/Export/Debug/Debug.bindings.h Line: 35)

stepping curruculum 8 
(Filename: ./Runtime/Export/Debug/Debug.bindings.h Line: 35)

stepping curruculum 8 
(Filename: ./Runtime/Export/Debug/Debug.bindings.h Line: 35)

stepping curruculum 8 
(Filename: ./Runtime/Export/Debug/Debug.bindings.h Line: 35)

stepping curruculum 8 
(Filename: ./Runtime/Export/Debug/Debug.bindings.h Line: 35)

stepping curruculum 8 
(Filename: ./Runtime/Export/Debug/Debug.bindings.h Line: 35)

stepping curruculum 9 
(Filename: ./Runtime/Export/Debug/Debug.bindings.h Line: 35)

stepping curruculum 9 
(Filename: ./Runtime/Export/Debug/Debug.bindings.h Line: 35)

stepping curruculum 9 
(Filename: ./Runtime/Export/Debug/Debug.bindings.h Line: 35)

stepping curruculum 9 
(Filename: ./Runtime/Export/Debug/Debug.bindings.h Line: 35)

stepping curruculum 9 
(Filename: ./Runtime/Export/Debug/Debug.bindings.h Line: 35)

stepping curruculum 9 
(Filename: ./Runtime/Export/Debug/Debug.bindings.h Line: 35)

stepping curruculum 9 
(Filename: ./Runtime/Export/Debug/Debug.bindings.h Line: 35)

stepping curruculum 9 
(Filename: ./Runtime/Export/Debug/Debug.bindings.h Line: 35)

stepping curruculum 9 
(Filename: ./Runtime/Export/Debug/Debug.bindings.h Line: 35)

stepping curruculum 9 
(Filename: ./Runtime/Export/Debug/Debug.bindings.h Line: 35)

stepping curruculum 9 
(Filename: ./Runtime/Export/Debug/Debug.bindings.h Line: 35)

stepping curruculum 9 
(Filename: ./Runtime/Export/Debug/Debug.bindings.h Line: 35)

stepping curruculum 9 
(Filename: ./Runtime/Export/Debug/Debug.bindings.h Line: 35)

stepping curruculum 9 
(Filename: ./Runtime/Export/Debug/Debug.bindings.h Line: 35)

stepping curruculum 9 
(Filename: ./Runtime/Export/Debug/Debug.bindings.h Line: 35)

stepping curruculum 9 
(Filename: ./Runtime/Export/Debug/Debug.bindings.h Line: 35)

stepping curruculum 9 
(Filename: ./Runtime/Export/Debug/Debug.bindings.h Line: 35)

stepping curruculum 9 
(Filename: ./Runtime/Export/Debug/Debug.bindings.h Line: 35)

stepping curruculum 10 
(Filename: ./Runtime/Export/Debug/Debug.bindings.h Line: 35)

stepping curruculum 10 
(Filename: ./Runtime/Export/Debug/Debug.bindings.h Line: 35)

stepping curruculum 10 
(Filename: ./Runtime/Export/Debug/Debug.bindings.h Line: 35)

stepping curruculum 10 
(Filename: ./Runtime/Export/Debug/Debug.bindings.h Line: 35)

stepping curruculum 10 
(Filename: ./Runtime/Export/Debug/Debug.bindings.h Line: 35)

stepping curruculum 10 
(Filename: ./Runtime/Export/Debug/Debug.bindings.h Line: 35)

stepping curruculum 10 
(Filename: ./Runtime/Export/Debug/Debug.bindings.h Line: 35)

stepping curruculum 10 
(Filename: ./Runtime/Export/Debug/Debug.bindings.h Line: 35)

stepping curruculum 10 
(Filename: ./Runtime/Export/Debug/Debug.bindings.h Line: 35)

stepping curruculum 10 
(Filename: ./Runtime/Export/Debug/Debug.bindings.h Line: 35)

stepping curruculum 10 
(Filename: ./Runtime/Export/Debug/Debug.bindings.h Line: 35)

stepping curruculum 10 
(Filename: ./Runtime/Export/Debug/Debug.bindings.h Line: 35)

stepping curruculum 10 
(Filename: ./Runtime/Export/Debug/Debug.bindings.h Line: 35)

stepping curruculum 10 
(Filename: ./Runtime/Export/Debug/Debug.bindings.h Line: 35)

stepping curruculum 10 
(Filename: ./Runtime/Export/Debug/Debug.bindings.h Line: 35)

stepping curruculum 10 
(Filename: ./Runtime/Export/Debug/Debug.bindings.h Line: 35)

stepping curruculum 10 
(Filename: ./Runtime/Export/Debug/Debug.bindings.h Line: 35)

stepping curruculum 10 
(Filename: ./Runtime/Export/Debug/Debug.bindings.h Line: 35)

stepping curruculum 11 
(Filename: ./Runtime/Export/Debug/Debug.bindings.h Line: 35)

stepping curruculum 11 
(Filename: ./Runtime/Export/Debug/Debug.bindings.h Line: 35)

stepping curruculum 11 
(Filename: ./Runtime/Export/Debug/Debug.bindings.h Line: 35)

stepping curruculum 11 
(Filename: ./Runtime/Export/Debug/Debug.bindings.h Line: 35)

stepping curruculum 11 
(Filename: ./Runtime/Export/Debug/Debug.bindings.h Line: 35)

stepping curruculum 11 
(Filename: ./Runtime/Export/Debug/Debug.bindings.h Line: 35)

stepping curruculum 11 
(Filename: ./Runtime/Export/Debug/Debug.bindings.h Line: 35)

stepping curruculum 11 
(Filename: ./Runtime/Export/Debug/Debug.bindings.h Line: 35)

stepping curruculum 11 
(Filename: ./Runtime/Export/Debug/Debug.bindings.h Line: 35)

stepping curruculum 11 
(Filename: ./Runtime/Export/Debug/Debug.bindings.h Line: 35)

stepping curruculum 11 
(Filename: ./Runtime/Export/Debug/Debug.bindings.h Line: 35)

stepping curruculum 11 
(Filename: ./Runtime/Export/Debug/Debug.bindings.h Line: 35)

stepping curruculum 11 
(Filename: ./Runtime/Export/Debug/Debug.bindings.h Line: 35)

stepping curruculum 11 
(Filename: ./Runtime/Export/Debug/Debug.bindings.h Line: 35)

stepping curruculum 11 
(Filename: ./Runtime/Export/Debug/Debug.bindings.h Line: 35)

stepping curruculum 11 
(Filename: ./Runtime/Export/Debug/Debug.bindings.h Line: 35)

stepping curruculum 11 
(Filename: ./Runtime/Export/Debug/Debug.bindings.h Line: 35)

stepping curruculum 11 
(Filename: ./Runtime/Export/Debug/Debug.bindings.h Line: 35)

stepping curruculum 12 
(Filename: ./Runtime/Export/Debug/Debug.bindings.h Line: 35)

stepping curruculum 12 
(Filename: ./Runtime/Export/Debug/Debug.bindings.h Line: 35)

stepping curruculum 12 
(Filename: ./Runtime/Export/Debug/Debug.bindings.h Line: 35)

stepping curruculum 12 
(Filename: ./Runtime/Export/Debug/Debug.bindings.h Line: 35)

stepping curruculum 12 
(Filename: ./Runtime/Export/Debug/Debug.bindings.h Line: 35)

stepping curruculum 12 
(Filename: ./Runtime/Export/Debug/Debug.bindings.h Line: 35)

stepping curruculum 12 
(Filename: ./Runtime/Export/Debug/Debug.bindings.h Line: 35)

stepping curruculum 12 
(Filename: ./Runtime/Export/Debug/Debug.bindings.h Line: 35)

stepping curruculum 12 
(Filename: ./Runtime/Export/Debug/Debug.bindings.h Line: 35)

Setting up 28 worker threads for Enlighten.
  Thread -> id: 154ea1d6d700 -> priority: 1 
  Thread -> id: 154ea1b6c700 -> priority: 1 
  Thread -> id: 154ea196b700 -> priority: 1 
  Thread -> id: 154ea176a700 -> priority: 1 
  Thread -> id: 154ea1569700 -> priority: 1 
  Thread -> id: 154ea1368700 -> priority: 1 
  Thread -> id: 154ea1167700 -> priority: 1 
  Thread -> id: 154ea0f66700 -> priority: 1 
  Thread -> id: 154ea0d65700 -> priority: 1 
  Thread -> id: 154ea0b64700 -> priority: 1 
  Thread -> id: 154ea0963700 -> priority: 1 
  Thread -> id: 154ea0762700 -> priority: 1 
  Thread -> id: 154ea0561700 -> priority: 1 
  Thread -> id: 154ea0360700 -> priority: 1 
  Thread -> id: 154e27fff700 -> priority: 1 
  Thread -> id: 154e27dfe700 -> priority: 1 
  Thread -> id: 154e27bfd700 -> priority: 1 
  Thread -> id: 154e279fc700 -> priority: 1 
  Thread -> id: 154e277fb700 -> priority: 1 
  Thread -> id: 154e275fa700 -> priority: 1 
  Thread -> id: 154e273f9700 -> priority: 1 
  Thread -> id: 154e271f8700 -> priority: 1 
  Thread -> id: 154e26ff7700 -> priority: 1 
  Thread -> id: 154e26df6700 -> priority: 1 
  Thread -> id: 154e26bf5700 -> priority: 1 
  Thread -> id: 154e269f4700 -> priority: 1 
  Thread -> id: 154e267f3700 -> priority: 1 
  Thread -> id: 154e265f2700 -> priority: 1 
