Mono path[0] = '/home/576/gp9465/UnityBuilds/TS/Shepherding_BB_Data/Managed'
Mono config path = '/home/576/gp9465/UnityBuilds/TS/Shepherding_BB_Data/MonoBleedingEdge/etc'
Preloaded 'lib_burst_generated.so'
Preloaded 'libgrpc_csharp_ext.x64.so'
Preloaded 'libopus_egpv.so'
Initialize engine version: 2019.4.9f1 (50fe8a171dd9)
[Subsystems] Discovering subsystems at path /home/576/gp9465/UnityBuilds/TS/Shepherding_BB_Data/UnitySubsystems
Forcing GfxDevice: Null
GfxDevice: creating device client; threaded=0
NullGfxDevice:
    Version:  NULL 1.0 [1.0]
    Renderer: Null Device
    Vendor:   Unity Technologies
Begin MonoManager ReloadAssembly
- Completed reload, in  0.119 seconds
UnloadTime: 0.703978 ms
Fallback handler could not load library /home/576/gp9465/UnityBuilds/TS/Shepherding_BB_Data/Mono/libcoreclr.so
Fallback handler could not load library /home/576/gp9465/UnityBuilds/TS/Shepherding_BB_Data/Mono/libcoreclr.so
Fallback handler could not load library /home/576/gp9465/UnityBuilds/TS/Shepherding_BB_Data/Mono/libcoreclr.so
Fallback handler could not load library /home/576/gp9465/UnityBuilds/TS/Shepherding_BB_Data/Mono/libSystem.dylib
Fallback handler could not load library /home/576/gp9465/UnityBuilds/TS/Shepherding_BB_Data/Mono/libSystem.dylib.so
Fallback handler could not load library /home/576/gp9465/UnityBuilds/TS/Shepherding_BB_Data/Mono/libSystem.dylib
Fallback handler could not load library /home/576/gp9465/UnityBuilds/TS/Shepherding_BB_Data/Mono/libcoreclr.so
Fallback handler could not load library /home/576/gp9465/UnityBuilds/TS/Shepherding_BB_Data/Mono/libcoreclr.so
Fallback handler could not load library /home/576/gp9465/UnityBuilds/TS/Shepherding_BB_Data/Mono/libcoreclr.so
Fallback handler could not load library /home/576/gp9465/UnityBuilds/TS/Shepherding_BB_Data/Mono/libSystem.dylib
Fallback handler could not load library /home/576/gp9465/UnityBuilds/TS/Shepherding_BB_Data/Mono/libSystem.dylib.so
Fallback handler could not load library /home/576/gp9465/UnityBuilds/TS/Shepherding_BB_Data/Mono/libSystem.dylib
stepping curruculum 0 
(Filename: ./Runtime/Export/Debug/Debug.bindings.h Line: 35)

stepping curruculum 0 
(Filename: ./Runtime/Export/Debug/Debug.bindings.h Line: 35)

stepping curruculum 0 
(Filename: ./Runtime/Export/Debug/Debug.bindings.h Line: 35)

stepping curruculum 0 
(Filename: ./Runtime/Export/Debug/Debug.bindings.h Line: 35)

stepping curruculum 0 
(Filename: ./Runtime/Export/Debug/Debug.bindings.h Line: 35)

stepping curruculum 0 
(Filename: ./Runtime/Export/Debug/Debug.bindings.h Line: 35)

stepping curruculum 0 
(Filename: ./Runtime/Export/Debug/Debug.bindings.h Line: 35)

stepping curruculum 0 
(Filename: ./Runtime/Export/Debug/Debug.bindings.h Line: 35)

stepping curruculum 0 
(Filename: ./Runtime/Export/Debug/Debug.bindings.h Line: 35)

stepping curruculum 0 
(Filename: ./Runtime/Export/Debug/Debug.bindings.h Line: 35)

stepping curruculum 0 
(Filename: ./Runtime/Export/Debug/Debug.bindings.h Line: 35)

stepping curruculum 0 
(Filename: ./Runtime/Export/Debug/Debug.bindings.h Line: 35)

stepping curruculum 0 
(Filename: ./Runtime/Export/Debug/Debug.bindings.h Line: 35)

stepping curruculum 0 
(Filename: ./Runtime/Export/Debug/Debug.bindings.h Line: 35)

stepping curruculum 0 
(Filename: ./Runtime/Export/Debug/Debug.bindings.h Line: 35)

stepping curruculum 0 
(Filename: ./Runtime/Export/Debug/Debug.bindings.h Line: 35)

stepping curruculum 0 
(Filename: ./Runtime/Export/Debug/Debug.bindings.h Line: 35)

stepping curruculum 0 
(Filename: ./Runtime/Export/Debug/Debug.bindings.h Line: 35)

stepping curruculum 1 
(Filename: ./Runtime/Export/Debug/Debug.bindings.h Line: 35)

stepping curruculum 1 
(Filename: ./Runtime/Export/Debug/Debug.bindings.h Line: 35)

stepping curruculum 1 
(Filename: ./Runtime/Export/Debug/Debug.bindings.h Line: 35)

stepping curruculum 1 
(Filename: ./Runtime/Export/Debug/Debug.bindings.h Line: 35)

stepping curruculum 1 
(Filename: ./Runtime/Export/Debug/Debug.bindings.h Line: 35)

stepping curruculum 1 
(Filename: ./Runtime/Export/Debug/Debug.bindings.h Line: 35)

stepping curruculum 1 
(Filename: ./Runtime/Export/Debug/Debug.bindings.h Line: 35)

stepping curruculum 1 
(Filename: ./Runtime/Export/Debug/Debug.bindings.h Line: 35)

stepping curruculum 1 
(Filename: ./Runtime/Export/Debug/Debug.bindings.h Line: 35)

stepping curruculum 1 
(Filename: ./Runtime/Export/Debug/Debug.bindings.h Line: 35)

stepping curruculum 1 
(Filename: ./Runtime/Export/Debug/Debug.bindings.h Line: 35)

stepping curruculum 1 
(Filename: ./Runtime/Export/Debug/Debug.bindings.h Line: 35)

stepping curruculum 1 
(Filename: ./Runtime/Export/Debug/Debug.bindings.h Line: 35)

stepping curruculum 1 
(Filename: ./Runtime/Export/Debug/Debug.bindings.h Line: 35)

stepping curruculum 1 
(Filename: ./Runtime/Export/Debug/Debug.bindings.h Line: 35)

stepping curruculum 1 
(Filename: ./Runtime/Export/Debug/Debug.bindings.h Line: 35)

stepping curruculum 1 
(Filename: ./Runtime/Export/Debug/Debug.bindings.h Line: 35)

stepping curruculum 1 
(Filename: ./Runtime/Export/Debug/Debug.bindings.h Line: 35)

stepping curruculum 2 
(Filename: ./Runtime/Export/Debug/Debug.bindings.h Line: 35)

stepping curruculum 2 
(Filename: ./Runtime/Export/Debug/Debug.bindings.h Line: 35)

stepping curruculum 2 
(Filename: ./Runtime/Export/Debug/Debug.bindings.h Line: 35)

stepping curruculum 2 
(Filename: ./Runtime/Export/Debug/Debug.bindings.h Line: 35)

stepping curruculum 2 
(Filename: ./Runtime/Export/Debug/Debug.bindings.h Line: 35)

stepping curruculum 2 
(Filename: ./Runtime/Export/Debug/Debug.bindings.h Line: 35)

stepping curruculum 2 
(Filename: ./Runtime/Export/Debug/Debug.bindings.h Line: 35)

stepping curruculum 2 
(Filename: ./Runtime/Export/Debug/Debug.bindings.h Line: 35)

stepping curruculum 2 
(Filename: ./Runtime/Export/Debug/Debug.bindings.h Line: 35)

stepping curruculum 2 
(Filename: ./Runtime/Export/Debug/Debug.bindings.h Line: 35)

stepping curruculum 2 
(Filename: ./Runtime/Export/Debug/Debug.bindings.h Line: 35)

stepping curruculum 2 
(Filename: ./Runtime/Export/Debug/Debug.bindings.h Line: 35)

stepping curruculum 2 
(Filename: ./Runtime/Export/Debug/Debug.bindings.h Line: 35)

stepping curruculum 2 
(Filename: ./Runtime/Export/Debug/Debug.bindings.h Line: 35)

stepping curruculum 2 
(Filename: ./Runtime/Export/Debug/Debug.bindings.h Line: 35)

stepping curruculum 2 
(Filename: ./Runtime/Export/Debug/Debug.bindings.h Line: 35)

stepping curruculum 2 
(Filename: ./Runtime/Export/Debug/Debug.bindings.h Line: 35)

stepping curruculum 2 
(Filename: ./Runtime/Export/Debug/Debug.bindings.h Line: 35)

stepping curruculum 3 
(Filename: ./Runtime/Export/Debug/Debug.bindings.h Line: 35)

stepping curruculum 3 
(Filename: ./Runtime/Export/Debug/Debug.bindings.h Line: 35)

stepping curruculum 3 
(Filename: ./Runtime/Export/Debug/Debug.bindings.h Line: 35)

stepping curruculum 3 
(Filename: ./Runtime/Export/Debug/Debug.bindings.h Line: 35)

stepping curruculum 3 
(Filename: ./Runtime/Export/Debug/Debug.bindings.h Line: 35)

stepping curruculum 3 
(Filename: ./Runtime/Export/Debug/Debug.bindings.h Line: 35)

stepping curruculum 3 
(Filename: ./Runtime/Export/Debug/Debug.bindings.h Line: 35)

stepping curruculum 3 
(Filename: ./Runtime/Export/Debug/Debug.bindings.h Line: 35)

stepping curruculum 3 
(Filename: ./Runtime/Export/Debug/Debug.bindings.h Line: 35)

stepping curruculum 3 
(Filename: ./Runtime/Export/Debug/Debug.bindings.h Line: 35)

stepping curruculum 3 
(Filename: ./Runtime/Export/Debug/Debug.bindings.h Line: 35)

stepping curruculum 3 
(Filename: ./Runtime/Export/Debug/Debug.bindings.h Line: 35)

stepping curruculum 3 
(Filename: ./Runtime/Export/Debug/Debug.bindings.h Line: 35)

stepping curruculum 3 
(Filename: ./Runtime/Export/Debug/Debug.bindings.h Line: 35)

stepping curruculum 3 
(Filename: ./Runtime/Export/Debug/Debug.bindings.h Line: 35)

stepping curruculum 3 
(Filename: ./Runtime/Export/Debug/Debug.bindings.h Line: 35)

stepping curruculum 3 
(Filename: ./Runtime/Export/Debug/Debug.bindings.h Line: 35)

stepping curruculum 3 
(Filename: ./Runtime/Export/Debug/Debug.bindings.h Line: 35)

stepping curruculum 4 
(Filename: ./Runtime/Export/Debug/Debug.bindings.h Line: 35)

stepping curruculum 4 
(Filename: ./Runtime/Export/Debug/Debug.bindings.h Line: 35)

stepping curruculum 4 
(Filename: ./Runtime/Export/Debug/Debug.bindings.h Line: 35)

stepping curruculum 4 
(Filename: ./Runtime/Export/Debug/Debug.bindings.h Line: 35)

stepping curruculum 4 
(Filename: ./Runtime/Export/Debug/Debug.bindings.h Line: 35)

stepping curruculum 4 
(Filename: ./Runtime/Export/Debug/Debug.bindings.h Line: 35)

stepping curruculum 4 
(Filename: ./Runtime/Export/Debug/Debug.bindings.h Line: 35)

stepping curruculum 4 
(Filename: ./Runtime/Export/Debug/Debug.bindings.h Line: 35)

stepping curruculum 4 
(Filename: ./Runtime/Export/Debug/Debug.bindings.h Line: 35)

stepping curruculum 4 
(Filename: ./Runtime/Export/Debug/Debug.bindings.h Line: 35)

stepping curruculum 4 
(Filename: ./Runtime/Export/Debug/Debug.bindings.h Line: 35)

stepping curruculum 4 
(Filename: ./Runtime/Export/Debug/Debug.bindings.h Line: 35)

stepping curruculum 4 
(Filename: ./Runtime/Export/Debug/Debug.bindings.h Line: 35)

stepping curruculum 4 
(Filename: ./Runtime/Export/Debug/Debug.bindings.h Line: 35)

stepping curruculum 4 
(Filename: ./Runtime/Export/Debug/Debug.bindings.h Line: 35)

stepping curruculum 4 
(Filename: ./Runtime/Export/Debug/Debug.bindings.h Line: 35)

stepping curruculum 4 
(Filename: ./Runtime/Export/Debug/Debug.bindings.h Line: 35)

stepping curruculum 4 
(Filename: ./Runtime/Export/Debug/Debug.bindings.h Line: 35)

stepping curruculum 5 
(Filename: ./Runtime/Export/Debug/Debug.bindings.h Line: 35)

stepping curruculum 5 
(Filename: ./Runtime/Export/Debug/Debug.bindings.h Line: 35)

stepping curruculum 5 
(Filename: ./Runtime/Export/Debug/Debug.bindings.h Line: 35)

stepping curruculum 5 
(Filename: ./Runtime/Export/Debug/Debug.bindings.h Line: 35)

stepping curruculum 5 
(Filename: ./Runtime/Export/Debug/Debug.bindings.h Line: 35)

stepping curruculum 5 
(Filename: ./Runtime/Export/Debug/Debug.bindings.h Line: 35)

stepping curruculum 5 
(Filename: ./Runtime/Export/Debug/Debug.bindings.h Line: 35)

stepping curruculum 5 
(Filename: ./Runtime/Export/Debug/Debug.bindings.h Line: 35)

stepping curruculum 5 
(Filename: ./Runtime/Export/Debug/Debug.bindings.h Line: 35)

stepping curruculum 5 
(Filename: ./Runtime/Export/Debug/Debug.bindings.h Line: 35)

stepping curruculum 5 
(Filename: ./Runtime/Export/Debug/Debug.bindings.h Line: 35)

stepping curruculum 5 
(Filename: ./Runtime/Export/Debug/Debug.bindings.h Line: 35)

stepping curruculum 5 
(Filename: ./Runtime/Export/Debug/Debug.bindings.h Line: 35)

stepping curruculum 5 
(Filename: ./Runtime/Export/Debug/Debug.bindings.h Line: 35)

stepping curruculum 5 
(Filename: ./Runtime/Export/Debug/Debug.bindings.h Line: 35)

stepping curruculum 5 
(Filename: ./Runtime/Export/Debug/Debug.bindings.h Line: 35)

stepping curruculum 5 
(Filename: ./Runtime/Export/Debug/Debug.bindings.h Line: 35)

stepping curruculum 5 
(Filename: ./Runtime/Export/Debug/Debug.bindings.h Line: 35)

stepping curruculum 6 
(Filename: ./Runtime/Export/Debug/Debug.bindings.h Line: 35)

stepping curruculum 6 
(Filename: ./Runtime/Export/Debug/Debug.bindings.h Line: 35)

stepping curruculum 6 
(Filename: ./Runtime/Export/Debug/Debug.bindings.h Line: 35)

stepping curruculum 6 
(Filename: ./Runtime/Export/Debug/Debug.bindings.h Line: 35)

stepping curruculum 6 
(Filename: ./Runtime/Export/Debug/Debug.bindings.h Line: 35)

stepping curruculum 6 
(Filename: ./Runtime/Export/Debug/Debug.bindings.h Line: 35)

stepping curruculum 6 
(Filename: ./Runtime/Export/Debug/Debug.bindings.h Line: 35)

stepping curruculum 6 
(Filename: ./Runtime/Export/Debug/Debug.bindings.h Line: 35)

stepping curruculum 6 
(Filename: ./Runtime/Export/Debug/Debug.bindings.h Line: 35)

stepping curruculum 6 
(Filename: ./Runtime/Export/Debug/Debug.bindings.h Line: 35)

stepping curruculum 6 
(Filename: ./Runtime/Export/Debug/Debug.bindings.h Line: 35)

stepping curruculum 6 
(Filename: ./Runtime/Export/Debug/Debug.bindings.h Line: 35)

stepping curruculum 6 
(Filename: ./Runtime/Export/Debug/Debug.bindings.h Line: 35)

stepping curruculum 6 
(Filename: ./Runtime/Export/Debug/Debug.bindings.h Line: 35)

stepping curruculum 6 
(Filename: ./Runtime/Export/Debug/Debug.bindings.h Line: 35)

stepping curruculum 6 
(Filename: ./Runtime/Export/Debug/Debug.bindings.h Line: 35)

stepping curruculum 6 
(Filename: ./Runtime/Export/Debug/Debug.bindings.h Line: 35)

stepping curruculum 6 
(Filename: ./Runtime/Export/Debug/Debug.bindings.h Line: 35)

stepping curruculum 7 
(Filename: ./Runtime/Export/Debug/Debug.bindings.h Line: 35)

stepping curruculum 7 
(Filename: ./Runtime/Export/Debug/Debug.bindings.h Line: 35)

stepping curruculum 7 
(Filename: ./Runtime/Export/Debug/Debug.bindings.h Line: 35)

stepping curruculum 7 
(Filename: ./Runtime/Export/Debug/Debug.bindings.h Line: 35)

stepping curruculum 7 
(Filename: ./Runtime/Export/Debug/Debug.bindings.h Line: 35)

stepping curruculum 7 
(Filename: ./Runtime/Export/Debug/Debug.bindings.h Line: 35)

stepping curruculum 7 
(Filename: ./Runtime/Export/Debug/Debug.bindings.h Line: 35)

stepping curruculum 7 
(Filename: ./Runtime/Export/Debug/Debug.bindings.h Line: 35)

stepping curruculum 7 
(Filename: ./Runtime/Export/Debug/Debug.bindings.h Line: 35)

stepping curruculum 7 
(Filename: ./Runtime/Export/Debug/Debug.bindings.h Line: 35)

stepping curruculum 7 
(Filename: ./Runtime/Export/Debug/Debug.bindings.h Line: 35)

stepping curruculum 7 
(Filename: ./Runtime/Export/Debug/Debug.bindings.h Line: 35)

stepping curruculum 7 
(Filename: ./Runtime/Export/Debug/Debug.bindings.h Line: 35)

stepping curruculum 7 
(Filename: ./Runtime/Export/Debug/Debug.bindings.h Line: 35)

stepping curruculum 7 
(Filename: ./Runtime/Export/Debug/Debug.bindings.h Line: 35)

stepping curruculum 7 
(Filename: ./Runtime/Export/Debug/Debug.bindings.h Line: 35)

stepping curruculum 7 
(Filename: ./Runtime/Export/Debug/Debug.bindings.h Line: 35)

stepping curruculum 7 
(Filename: ./Runtime/Export/Debug/Debug.bindings.h Line: 35)

stepping curruculum 8 
(Filename: ./Runtime/Export/Debug/Debug.bindings.h Line: 35)

stepping curruculum 8 
(Filename: ./Runtime/Export/Debug/Debug.bindings.h Line: 35)

stepping curruculum 8 
(Filename: ./Runtime/Export/Debug/Debug.bindings.h Line: 35)

stepping curruculum 8 
(Filename: ./Runtime/Export/Debug/Debug.bindings.h Line: 35)

stepping curruculum 8 
(Filename: ./Runtime/Export/Debug/Debug.bindings.h Line: 35)

stepping curruculum 8 
(Filename: ./Runtime/Export/Debug/Debug.bindings.h Line: 35)

stepping curruculum 8 
(Filename: ./Runtime/Export/Debug/Debug.bindings.h Line: 35)

stepping curruculum 8 
(Filename: ./Runtime/Export/Debug/Debug.bindings.h Line: 35)

stepping curruculum 8 
(Filename: ./Runtime/Export/Debug/Debug.bindings.h Line: 35)

stepping curruculum 8 
(Filename: ./Runtime/Export/Debug/Debug.bindings.h Line: 35)

stepping curruculum 8 
(Filename: ./Runtime/Export/Debug/Debug.bindings.h Line: 35)

stepping curruculum 8 
(Filename: ./Runtime/Export/Debug/Debug.bindings.h Line: 35)

stepping curruculum 8 
(Filename: ./Runtime/Export/Debug/Debug.bindings.h Line: 35)

stepping curruculum 8 
(Filename: ./Runtime/Export/Debug/Debug.bindings.h Line: 35)

stepping curruculum 8 
(Filename: ./Runtime/Export/Debug/Debug.bindings.h Line: 35)

stepping curruculum 8 
(Filename: ./Runtime/Export/Debug/Debug.bindings.h Line: 35)

stepping curruculum 8 
(Filename: ./Runtime/Export/Debug/Debug.bindings.h Line: 35)

stepping curruculum 8 
(Filename: ./Runtime/Export/Debug/Debug.bindings.h Line: 35)

stepping curruculum 9 
(Filename: ./Runtime/Export/Debug/Debug.bindings.h Line: 35)

stepping curruculum 9 
(Filename: ./Runtime/Export/Debug/Debug.bindings.h Line: 35)

stepping curruculum 9 
(Filename: ./Runtime/Export/Debug/Debug.bindings.h Line: 35)

stepping curruculum 9 
(Filename: ./Runtime/Export/Debug/Debug.bindings.h Line: 35)

stepping curruculum 9 
(Filename: ./Runtime/Export/Debug/Debug.bindings.h Line: 35)

stepping curruculum 9 
(Filename: ./Runtime/Export/Debug/Debug.bindings.h Line: 35)

stepping curruculum 9 
(Filename: ./Runtime/Export/Debug/Debug.bindings.h Line: 35)

stepping curruculum 9 
(Filename: ./Runtime/Export/Debug/Debug.bindings.h Line: 35)

stepping curruculum 9 
(Filename: ./Runtime/Export/Debug/Debug.bindings.h Line: 35)

stepping curruculum 9 
(Filename: ./Runtime/Export/Debug/Debug.bindings.h Line: 35)

stepping curruculum 9 
(Filename: ./Runtime/Export/Debug/Debug.bindings.h Line: 35)

stepping curruculum 9 
(Filename: ./Runtime/Export/Debug/Debug.bindings.h Line: 35)

stepping curruculum 9 
(Filename: ./Runtime/Export/Debug/Debug.bindings.h Line: 35)

stepping curruculum 9 
(Filename: ./Runtime/Export/Debug/Debug.bindings.h Line: 35)

stepping curruculum 9 
(Filename: ./Runtime/Export/Debug/Debug.bindings.h Line: 35)

stepping curruculum 9 
(Filename: ./Runtime/Export/Debug/Debug.bindings.h Line: 35)

stepping curruculum 9 
(Filename: ./Runtime/Export/Debug/Debug.bindings.h Line: 35)

stepping curruculum 9 
(Filename: ./Runtime/Export/Debug/Debug.bindings.h Line: 35)

stepping curruculum 10 
(Filename: ./Runtime/Export/Debug/Debug.bindings.h Line: 35)

stepping curruculum 10 
(Filename: ./Runtime/Export/Debug/Debug.bindings.h Line: 35)

stepping curruculum 10 
(Filename: ./Runtime/Export/Debug/Debug.bindings.h Line: 35)

stepping curruculum 10 
(Filename: ./Runtime/Export/Debug/Debug.bindings.h Line: 35)

stepping curruculum 10 
(Filename: ./Runtime/Export/Debug/Debug.bindings.h Line: 35)

stepping curruculum 10 
(Filename: ./Runtime/Export/Debug/Debug.bindings.h Line: 35)

stepping curruculum 10 
(Filename: ./Runtime/Export/Debug/Debug.bindings.h Line: 35)

stepping curruculum 10 
(Filename: ./Runtime/Export/Debug/Debug.bindings.h Line: 35)

stepping curruculum 10 
(Filename: ./Runtime/Export/Debug/Debug.bindings.h Line: 35)

stepping curruculum 10 
(Filename: ./Runtime/Export/Debug/Debug.bindings.h Line: 35)

stepping curruculum 10 
(Filename: ./Runtime/Export/Debug/Debug.bindings.h Line: 35)

stepping curruculum 10 
(Filename: ./Runtime/Export/Debug/Debug.bindings.h Line: 35)

stepping curruculum 10 
(Filename: ./Runtime/Export/Debug/Debug.bindings.h Line: 35)

stepping curruculum 10 
(Filename: ./Runtime/Export/Debug/Debug.bindings.h Line: 35)

stepping curruculum 10 
(Filename: ./Runtime/Export/Debug/Debug.bindings.h Line: 35)

stepping curruculum 10 
(Filename: ./Runtime/Export/Debug/Debug.bindings.h Line: 35)

stepping curruculum 10 
(Filename: ./Runtime/Export/Debug/Debug.bindings.h Line: 35)

stepping curruculum 10 
(Filename: ./Runtime/Export/Debug/Debug.bindings.h Line: 35)

stepping curruculum 11 
(Filename: ./Runtime/Export/Debug/Debug.bindings.h Line: 35)

stepping curruculum 11 
(Filename: ./Runtime/Export/Debug/Debug.bindings.h Line: 35)

stepping curruculum 11 
(Filename: ./Runtime/Export/Debug/Debug.bindings.h Line: 35)

stepping curruculum 11 
(Filename: ./Runtime/Export/Debug/Debug.bindings.h Line: 35)

stepping curruculum 11 
(Filename: ./Runtime/Export/Debug/Debug.bindings.h Line: 35)

stepping curruculum 11 
(Filename: ./Runtime/Export/Debug/Debug.bindings.h Line: 35)

stepping curruculum 11 
(Filename: ./Runtime/Export/Debug/Debug.bindings.h Line: 35)

stepping curruculum 11 
(Filename: ./Runtime/Export/Debug/Debug.bindings.h Line: 35)

stepping curruculum 11 
(Filename: ./Runtime/Export/Debug/Debug.bindings.h Line: 35)

stepping curruculum 11 
(Filename: ./Runtime/Export/Debug/Debug.bindings.h Line: 35)

stepping curruculum 11 
(Filename: ./Runtime/Export/Debug/Debug.bindings.h Line: 35)

stepping curruculum 11 
(Filename: ./Runtime/Export/Debug/Debug.bindings.h Line: 35)

stepping curruculum 11 
(Filename: ./Runtime/Export/Debug/Debug.bindings.h Line: 35)

stepping curruculum 11 
(Filename: ./Runtime/Export/Debug/Debug.bindings.h Line: 35)

stepping curruculum 11 
(Filename: ./Runtime/Export/Debug/Debug.bindings.h Line: 35)

stepping curruculum 11 
(Filename: ./Runtime/Export/Debug/Debug.bindings.h Line: 35)

stepping curruculum 11 
(Filename: ./Runtime/Export/Debug/Debug.bindings.h Line: 35)

stepping curruculum 11 
(Filename: ./Runtime/Export/Debug/Debug.bindings.h Line: 35)

stepping curruculum 12 
(Filename: ./Runtime/Export/Debug/Debug.bindings.h Line: 35)

stepping curruculum 12 
(Filename: ./Runtime/Export/Debug/Debug.bindings.h Line: 35)

stepping curruculum 12 
(Filename: ./Runtime/Export/Debug/Debug.bindings.h Line: 35)

stepping curruculum 12 
(Filename: ./Runtime/Export/Debug/Debug.bindings.h Line: 35)

stepping curruculum 12 
(Filename: ./Runtime/Export/Debug/Debug.bindings.h Line: 35)

stepping curruculum 12 
(Filename: ./Runtime/Export/Debug/Debug.bindings.h Line: 35)

stepping curruculum 12 
(Filename: ./Runtime/Export/Debug/Debug.bindings.h Line: 35)

stepping curruculum 12 
(Filename: ./Runtime/Export/Debug/Debug.bindings.h Line: 35)

stepping curruculum 12 
(Filename: ./Runtime/Export/Debug/Debug.bindings.h Line: 35)

stepping curruculum 12 
(Filename: ./Runtime/Export/Debug/Debug.bindings.h Line: 35)

Setting up 28 worker threads for Enlighten.
  Thread -> id: 152172ce9700 -> priority: 1 
  Thread -> id: 152172ae8700 -> priority: 1 
  Thread -> id: 1521728e7700 -> priority: 1 
  Thread -> id: 1521726e6700 -> priority: 1 
  Thread -> id: 1521724e5700 -> priority: 1 
  Thread -> id: 1521722e4700 -> priority: 1 
  Thread -> id: 1521720e3700 -> priority: 1 
  Thread -> id: 152171ee2700 -> priority: 1 
  Thread -> id: 152171ce1700 -> priority: 1 
  Thread -> id: 152171ae0700 -> priority: 1 
  Thread -> id: 1521718df700 -> priority: 1 
  Thread -> id: 1521716de700 -> priority: 1 
  Thread -> id: 1521714dd700 -> priority: 1 
  Thread -> id: 1521712dc700 -> priority: 1 
  Thread -> id: 1521710db700 -> priority: 1 
  Thread -> id: 152170eda700 -> priority: 1 
  Thread -> id: 152170cd9700 -> priority: 1 
  Thread -> id: 152170ad8700 -> priority: 1 
  Thread -> id: 1521708d7700 -> priority: 1 
  Thread -> id: 1521706d6700 -> priority: 1 
  Thread -> id: 1521704d5700 -> priority: 1 
  Thread -> id: 1521702d4700 -> priority: 1 
  Thread -> id: 1520f7fff700 -> priority: 1 
  Thread -> id: 1520f7dfe700 -> priority: 1 
  Thread -> id: 1520f7bfd700 -> priority: 1 
  Thread -> id: 1520f79fc700 -> priority: 1 
  Thread -> id: 1520f77fb700 -> priority: 1 
  Thread -> id: 1520f75fa700 -> priority: 1 
