Mono path[0] = '/home/576/gp9465/UnityBuilds/TS/Shepherding_BB_Data/Managed'
Mono config path = '/home/576/gp9465/UnityBuilds/TS/Shepherding_BB_Data/MonoBleedingEdge/etc'
Preloaded 'lib_burst_generated.so'
Preloaded 'libgrpc_csharp_ext.x64.so'
Preloaded 'libopus_egpv.so'
Initialize engine version: 2019.4.9f1 (50fe8a171dd9)
[Subsystems] Discovering subsystems at path /home/576/gp9465/UnityBuilds/TS/Shepherding_BB_Data/UnitySubsystems
Forcing GfxDevice: Null
GfxDevice: creating device client; threaded=0
NullGfxDevice:
    Version:  NULL 1.0 [1.0]
    Renderer: Null Device
    Vendor:   Unity Technologies
Begin MonoManager ReloadAssembly
- Completed reload, in  0.160 seconds
UnloadTime: 0.448091 ms
Fallback handler could not load library /home/576/gp9465/UnityBuilds/TS/Shepherding_BB_Data/Mono/libcoreclr.so
Fallback handler could not load library /home/576/gp9465/UnityBuilds/TS/Shepherding_BB_Data/Mono/libcoreclr.so
Fallback handler could not load library /home/576/gp9465/UnityBuilds/TS/Shepherding_BB_Data/Mono/libcoreclr.so
Fallback handler could not load library /home/576/gp9465/UnityBuilds/TS/Shepherding_BB_Data/Mono/libSystem.dylib
Fallback handler could not load library /home/576/gp9465/UnityBuilds/TS/Shepherding_BB_Data/Mono/libSystem.dylib.so
Fallback handler could not load library /home/576/gp9465/UnityBuilds/TS/Shepherding_BB_Data/Mono/libSystem.dylib
Fallback handler could not load library /home/576/gp9465/UnityBuilds/TS/Shepherding_BB_Data/Mono/libcoreclr.so
Fallback handler could not load library /home/576/gp9465/UnityBuilds/TS/Shepherding_BB_Data/Mono/libcoreclr.so
Fallback handler could not load library /home/576/gp9465/UnityBuilds/TS/Shepherding_BB_Data/Mono/libcoreclr.so
Fallback handler could not load library /home/576/gp9465/UnityBuilds/TS/Shepherding_BB_Data/Mono/libSystem.dylib
Fallback handler could not load library /home/576/gp9465/UnityBuilds/TS/Shepherding_BB_Data/Mono/libSystem.dylib.so
Fallback handler could not load library /home/576/gp9465/UnityBuilds/TS/Shepherding_BB_Data/Mono/libSystem.dylib
stepping curruculum 0 
(Filename: ./Runtime/Export/Debug/Debug.bindings.h Line: 35)

stepping curruculum 0 
(Filename: ./Runtime/Export/Debug/Debug.bindings.h Line: 35)

stepping curruculum 0 
(Filename: ./Runtime/Export/Debug/Debug.bindings.h Line: 35)

stepping curruculum 0 
(Filename: ./Runtime/Export/Debug/Debug.bindings.h Line: 35)

stepping curruculum 0 
(Filename: ./Runtime/Export/Debug/Debug.bindings.h Line: 35)

stepping curruculum 0 
(Filename: ./Runtime/Export/Debug/Debug.bindings.h Line: 35)

stepping curruculum 0 
(Filename: ./Runtime/Export/Debug/Debug.bindings.h Line: 35)

stepping curruculum 0 
(Filename: ./Runtime/Export/Debug/Debug.bindings.h Line: 35)

stepping curruculum 0 
(Filename: ./Runtime/Export/Debug/Debug.bindings.h Line: 35)

stepping curruculum 0 
(Filename: ./Runtime/Export/Debug/Debug.bindings.h Line: 35)

stepping curruculum 0 
(Filename: ./Runtime/Export/Debug/Debug.bindings.h Line: 35)

stepping curruculum 0 
(Filename: ./Runtime/Export/Debug/Debug.bindings.h Line: 35)

stepping curruculum 0 
(Filename: ./Runtime/Export/Debug/Debug.bindings.h Line: 35)

stepping curruculum 0 
(Filename: ./Runtime/Export/Debug/Debug.bindings.h Line: 35)

stepping curruculum 0 
(Filename: ./Runtime/Export/Debug/Debug.bindings.h Line: 35)

stepping curruculum 0 
(Filename: ./Runtime/Export/Debug/Debug.bindings.h Line: 35)

stepping curruculum 0 
(Filename: ./Runtime/Export/Debug/Debug.bindings.h Line: 35)

stepping curruculum 0 
(Filename: ./Runtime/Export/Debug/Debug.bindings.h Line: 35)

stepping curruculum 1 
(Filename: ./Runtime/Export/Debug/Debug.bindings.h Line: 35)

stepping curruculum 1 
(Filename: ./Runtime/Export/Debug/Debug.bindings.h Line: 35)

stepping curruculum 1 
(Filename: ./Runtime/Export/Debug/Debug.bindings.h Line: 35)

stepping curruculum 1 
(Filename: ./Runtime/Export/Debug/Debug.bindings.h Line: 35)

stepping curruculum 1 
(Filename: ./Runtime/Export/Debug/Debug.bindings.h Line: 35)

stepping curruculum 1 
(Filename: ./Runtime/Export/Debug/Debug.bindings.h Line: 35)

stepping curruculum 1 
(Filename: ./Runtime/Export/Debug/Debug.bindings.h Line: 35)

stepping curruculum 1 
(Filename: ./Runtime/Export/Debug/Debug.bindings.h Line: 35)

stepping curruculum 1 
(Filename: ./Runtime/Export/Debug/Debug.bindings.h Line: 35)

stepping curruculum 1 
(Filename: ./Runtime/Export/Debug/Debug.bindings.h Line: 35)

stepping curruculum 1 
(Filename: ./Runtime/Export/Debug/Debug.bindings.h Line: 35)

stepping curruculum 1 
(Filename: ./Runtime/Export/Debug/Debug.bindings.h Line: 35)

stepping curruculum 1 
(Filename: ./Runtime/Export/Debug/Debug.bindings.h Line: 35)

stepping curruculum 1 
(Filename: ./Runtime/Export/Debug/Debug.bindings.h Line: 35)

stepping curruculum 1 
(Filename: ./Runtime/Export/Debug/Debug.bindings.h Line: 35)

stepping curruculum 1 
(Filename: ./Runtime/Export/Debug/Debug.bindings.h Line: 35)

stepping curruculum 1 
(Filename: ./Runtime/Export/Debug/Debug.bindings.h Line: 35)

stepping curruculum 1 
(Filename: ./Runtime/Export/Debug/Debug.bindings.h Line: 35)

stepping curruculum 2 
(Filename: ./Runtime/Export/Debug/Debug.bindings.h Line: 35)

stepping curruculum 2 
(Filename: ./Runtime/Export/Debug/Debug.bindings.h Line: 35)

stepping curruculum 2 
(Filename: ./Runtime/Export/Debug/Debug.bindings.h Line: 35)

stepping curruculum 2 
(Filename: ./Runtime/Export/Debug/Debug.bindings.h Line: 35)

stepping curruculum 2 
(Filename: ./Runtime/Export/Debug/Debug.bindings.h Line: 35)

stepping curruculum 2 
(Filename: ./Runtime/Export/Debug/Debug.bindings.h Line: 35)

stepping curruculum 2 
(Filename: ./Runtime/Export/Debug/Debug.bindings.h Line: 35)

stepping curruculum 2 
(Filename: ./Runtime/Export/Debug/Debug.bindings.h Line: 35)

stepping curruculum 2 
(Filename: ./Runtime/Export/Debug/Debug.bindings.h Line: 35)

stepping curruculum 2 
(Filename: ./Runtime/Export/Debug/Debug.bindings.h Line: 35)

stepping curruculum 2 
(Filename: ./Runtime/Export/Debug/Debug.bindings.h Line: 35)

stepping curruculum 2 
(Filename: ./Runtime/Export/Debug/Debug.bindings.h Line: 35)

stepping curruculum 2 
(Filename: ./Runtime/Export/Debug/Debug.bindings.h Line: 35)

stepping curruculum 2 
(Filename: ./Runtime/Export/Debug/Debug.bindings.h Line: 35)

stepping curruculum 2 
(Filename: ./Runtime/Export/Debug/Debug.bindings.h Line: 35)

stepping curruculum 2 
(Filename: ./Runtime/Export/Debug/Debug.bindings.h Line: 35)

stepping curruculum 2 
(Filename: ./Runtime/Export/Debug/Debug.bindings.h Line: 35)

stepping curruculum 2 
(Filename: ./Runtime/Export/Debug/Debug.bindings.h Line: 35)

stepping curruculum 3 
(Filename: ./Runtime/Export/Debug/Debug.bindings.h Line: 35)

stepping curruculum 3 
(Filename: ./Runtime/Export/Debug/Debug.bindings.h Line: 35)

stepping curruculum 3 
(Filename: ./Runtime/Export/Debug/Debug.bindings.h Line: 35)

stepping curruculum 3 
(Filename: ./Runtime/Export/Debug/Debug.bindings.h Line: 35)

stepping curruculum 3 
(Filename: ./Runtime/Export/Debug/Debug.bindings.h Line: 35)

stepping curruculum 3 
(Filename: ./Runtime/Export/Debug/Debug.bindings.h Line: 35)

stepping curruculum 3 
(Filename: ./Runtime/Export/Debug/Debug.bindings.h Line: 35)

stepping curruculum 3 
(Filename: ./Runtime/Export/Debug/Debug.bindings.h Line: 35)

stepping curruculum 3 
(Filename: ./Runtime/Export/Debug/Debug.bindings.h Line: 35)

stepping curruculum 3 
(Filename: ./Runtime/Export/Debug/Debug.bindings.h Line: 35)

stepping curruculum 3 
(Filename: ./Runtime/Export/Debug/Debug.bindings.h Line: 35)

stepping curruculum 3 
(Filename: ./Runtime/Export/Debug/Debug.bindings.h Line: 35)

stepping curruculum 3 
(Filename: ./Runtime/Export/Debug/Debug.bindings.h Line: 35)

stepping curruculum 3 
(Filename: ./Runtime/Export/Debug/Debug.bindings.h Line: 35)

stepping curruculum 3 
(Filename: ./Runtime/Export/Debug/Debug.bindings.h Line: 35)

stepping curruculum 3 
(Filename: ./Runtime/Export/Debug/Debug.bindings.h Line: 35)

stepping curruculum 3 
(Filename: ./Runtime/Export/Debug/Debug.bindings.h Line: 35)

stepping curruculum 3 
(Filename: ./Runtime/Export/Debug/Debug.bindings.h Line: 35)

stepping curruculum 4 
(Filename: ./Runtime/Export/Debug/Debug.bindings.h Line: 35)

stepping curruculum 4 
(Filename: ./Runtime/Export/Debug/Debug.bindings.h Line: 35)

stepping curruculum 4 
(Filename: ./Runtime/Export/Debug/Debug.bindings.h Line: 35)

stepping curruculum 4 
(Filename: ./Runtime/Export/Debug/Debug.bindings.h Line: 35)

stepping curruculum 4 
(Filename: ./Runtime/Export/Debug/Debug.bindings.h Line: 35)

stepping curruculum 4 
(Filename: ./Runtime/Export/Debug/Debug.bindings.h Line: 35)

stepping curruculum 4 
(Filename: ./Runtime/Export/Debug/Debug.bindings.h Line: 35)

stepping curruculum 4 
(Filename: ./Runtime/Export/Debug/Debug.bindings.h Line: 35)

stepping curruculum 4 
(Filename: ./Runtime/Export/Debug/Debug.bindings.h Line: 35)

stepping curruculum 4 
(Filename: ./Runtime/Export/Debug/Debug.bindings.h Line: 35)

stepping curruculum 4 
(Filename: ./Runtime/Export/Debug/Debug.bindings.h Line: 35)

stepping curruculum 4 
(Filename: ./Runtime/Export/Debug/Debug.bindings.h Line: 35)

stepping curruculum 4 
(Filename: ./Runtime/Export/Debug/Debug.bindings.h Line: 35)

stepping curruculum 4 
(Filename: ./Runtime/Export/Debug/Debug.bindings.h Line: 35)

stepping curruculum 4 
(Filename: ./Runtime/Export/Debug/Debug.bindings.h Line: 35)

stepping curruculum 4 
(Filename: ./Runtime/Export/Debug/Debug.bindings.h Line: 35)

stepping curruculum 4 
(Filename: ./Runtime/Export/Debug/Debug.bindings.h Line: 35)

stepping curruculum 4 
(Filename: ./Runtime/Export/Debug/Debug.bindings.h Line: 35)

stepping curruculum 5 
(Filename: ./Runtime/Export/Debug/Debug.bindings.h Line: 35)

stepping curruculum 5 
(Filename: ./Runtime/Export/Debug/Debug.bindings.h Line: 35)

stepping curruculum 5 
(Filename: ./Runtime/Export/Debug/Debug.bindings.h Line: 35)

stepping curruculum 5 
(Filename: ./Runtime/Export/Debug/Debug.bindings.h Line: 35)

stepping curruculum 5 
(Filename: ./Runtime/Export/Debug/Debug.bindings.h Line: 35)

stepping curruculum 5 
(Filename: ./Runtime/Export/Debug/Debug.bindings.h Line: 35)

stepping curruculum 5 
(Filename: ./Runtime/Export/Debug/Debug.bindings.h Line: 35)

stepping curruculum 5 
(Filename: ./Runtime/Export/Debug/Debug.bindings.h Line: 35)

stepping curruculum 5 
(Filename: ./Runtime/Export/Debug/Debug.bindings.h Line: 35)

stepping curruculum 5 
(Filename: ./Runtime/Export/Debug/Debug.bindings.h Line: 35)

stepping curruculum 5 
(Filename: ./Runtime/Export/Debug/Debug.bindings.h Line: 35)

stepping curruculum 5 
(Filename: ./Runtime/Export/Debug/Debug.bindings.h Line: 35)

stepping curruculum 5 
(Filename: ./Runtime/Export/Debug/Debug.bindings.h Line: 35)

stepping curruculum 5 
(Filename: ./Runtime/Export/Debug/Debug.bindings.h Line: 35)

stepping curruculum 5 
(Filename: ./Runtime/Export/Debug/Debug.bindings.h Line: 35)

stepping curruculum 5 
(Filename: ./Runtime/Export/Debug/Debug.bindings.h Line: 35)

stepping curruculum 5 
(Filename: ./Runtime/Export/Debug/Debug.bindings.h Line: 35)

stepping curruculum 5 
(Filename: ./Runtime/Export/Debug/Debug.bindings.h Line: 35)

stepping curruculum 6 
(Filename: ./Runtime/Export/Debug/Debug.bindings.h Line: 35)

stepping curruculum 6 
(Filename: ./Runtime/Export/Debug/Debug.bindings.h Line: 35)

stepping curruculum 6 
(Filename: ./Runtime/Export/Debug/Debug.bindings.h Line: 35)

stepping curruculum 6 
(Filename: ./Runtime/Export/Debug/Debug.bindings.h Line: 35)

stepping curruculum 6 
(Filename: ./Runtime/Export/Debug/Debug.bindings.h Line: 35)

stepping curruculum 6 
(Filename: ./Runtime/Export/Debug/Debug.bindings.h Line: 35)

stepping curruculum 6 
(Filename: ./Runtime/Export/Debug/Debug.bindings.h Line: 35)

stepping curruculum 6 
(Filename: ./Runtime/Export/Debug/Debug.bindings.h Line: 35)

stepping curruculum 6 
(Filename: ./Runtime/Export/Debug/Debug.bindings.h Line: 35)

stepping curruculum 6 
(Filename: ./Runtime/Export/Debug/Debug.bindings.h Line: 35)

stepping curruculum 6 
(Filename: ./Runtime/Export/Debug/Debug.bindings.h Line: 35)

stepping curruculum 6 
(Filename: ./Runtime/Export/Debug/Debug.bindings.h Line: 35)

stepping curruculum 6 
(Filename: ./Runtime/Export/Debug/Debug.bindings.h Line: 35)

stepping curruculum 6 
(Filename: ./Runtime/Export/Debug/Debug.bindings.h Line: 35)

stepping curruculum 6 
(Filename: ./Runtime/Export/Debug/Debug.bindings.h Line: 35)

stepping curruculum 6 
(Filename: ./Runtime/Export/Debug/Debug.bindings.h Line: 35)

stepping curruculum 6 
(Filename: ./Runtime/Export/Debug/Debug.bindings.h Line: 35)

stepping curruculum 6 
(Filename: ./Runtime/Export/Debug/Debug.bindings.h Line: 35)

stepping curruculum 7 
(Filename: ./Runtime/Export/Debug/Debug.bindings.h Line: 35)

stepping curruculum 7 
(Filename: ./Runtime/Export/Debug/Debug.bindings.h Line: 35)

stepping curruculum 7 
(Filename: ./Runtime/Export/Debug/Debug.bindings.h Line: 35)

stepping curruculum 7 
(Filename: ./Runtime/Export/Debug/Debug.bindings.h Line: 35)

stepping curruculum 7 
(Filename: ./Runtime/Export/Debug/Debug.bindings.h Line: 35)

stepping curruculum 7 
(Filename: ./Runtime/Export/Debug/Debug.bindings.h Line: 35)

stepping curruculum 7 
(Filename: ./Runtime/Export/Debug/Debug.bindings.h Line: 35)

stepping curruculum 7 
(Filename: ./Runtime/Export/Debug/Debug.bindings.h Line: 35)

stepping curruculum 7 
(Filename: ./Runtime/Export/Debug/Debug.bindings.h Line: 35)

stepping curruculum 7 
(Filename: ./Runtime/Export/Debug/Debug.bindings.h Line: 35)

stepping curruculum 7 
(Filename: ./Runtime/Export/Debug/Debug.bindings.h Line: 35)

stepping curruculum 7 
(Filename: ./Runtime/Export/Debug/Debug.bindings.h Line: 35)

stepping curruculum 7 
(Filename: ./Runtime/Export/Debug/Debug.bindings.h Line: 35)

stepping curruculum 7 
(Filename: ./Runtime/Export/Debug/Debug.bindings.h Line: 35)

stepping curruculum 7 
(Filename: ./Runtime/Export/Debug/Debug.bindings.h Line: 35)

stepping curruculum 7 
(Filename: ./Runtime/Export/Debug/Debug.bindings.h Line: 35)

stepping curruculum 7 
(Filename: ./Runtime/Export/Debug/Debug.bindings.h Line: 35)

stepping curruculum 7 
(Filename: ./Runtime/Export/Debug/Debug.bindings.h Line: 35)

stepping curruculum 8 
(Filename: ./Runtime/Export/Debug/Debug.bindings.h Line: 35)

stepping curruculum 8 
(Filename: ./Runtime/Export/Debug/Debug.bindings.h Line: 35)

stepping curruculum 8 
(Filename: ./Runtime/Export/Debug/Debug.bindings.h Line: 35)

stepping curruculum 8 
(Filename: ./Runtime/Export/Debug/Debug.bindings.h Line: 35)

stepping curruculum 8 
(Filename: ./Runtime/Export/Debug/Debug.bindings.h Line: 35)

stepping curruculum 8 
(Filename: ./Runtime/Export/Debug/Debug.bindings.h Line: 35)

stepping curruculum 8 
(Filename: ./Runtime/Export/Debug/Debug.bindings.h Line: 35)

stepping curruculum 8 
(Filename: ./Runtime/Export/Debug/Debug.bindings.h Line: 35)

stepping curruculum 8 
(Filename: ./Runtime/Export/Debug/Debug.bindings.h Line: 35)

stepping curruculum 8 
(Filename: ./Runtime/Export/Debug/Debug.bindings.h Line: 35)

stepping curruculum 8 
(Filename: ./Runtime/Export/Debug/Debug.bindings.h Line: 35)

stepping curruculum 8 
(Filename: ./Runtime/Export/Debug/Debug.bindings.h Line: 35)

stepping curruculum 8 
(Filename: ./Runtime/Export/Debug/Debug.bindings.h Line: 35)

stepping curruculum 8 
(Filename: ./Runtime/Export/Debug/Debug.bindings.h Line: 35)

stepping curruculum 8 
(Filename: ./Runtime/Export/Debug/Debug.bindings.h Line: 35)

stepping curruculum 8 
(Filename: ./Runtime/Export/Debug/Debug.bindings.h Line: 35)

stepping curruculum 8 
(Filename: ./Runtime/Export/Debug/Debug.bindings.h Line: 35)

stepping curruculum 8 
(Filename: ./Runtime/Export/Debug/Debug.bindings.h Line: 35)

stepping curruculum 9 
(Filename: ./Runtime/Export/Debug/Debug.bindings.h Line: 35)

stepping curruculum 9 
(Filename: ./Runtime/Export/Debug/Debug.bindings.h Line: 35)

stepping curruculum 9 
(Filename: ./Runtime/Export/Debug/Debug.bindings.h Line: 35)

stepping curruculum 9 
(Filename: ./Runtime/Export/Debug/Debug.bindings.h Line: 35)

stepping curruculum 9 
(Filename: ./Runtime/Export/Debug/Debug.bindings.h Line: 35)

stepping curruculum 9 
(Filename: ./Runtime/Export/Debug/Debug.bindings.h Line: 35)

stepping curruculum 9 
(Filename: ./Runtime/Export/Debug/Debug.bindings.h Line: 35)

stepping curruculum 9 
(Filename: ./Runtime/Export/Debug/Debug.bindings.h Line: 35)

stepping curruculum 9 
(Filename: ./Runtime/Export/Debug/Debug.bindings.h Line: 35)

stepping curruculum 9 
(Filename: ./Runtime/Export/Debug/Debug.bindings.h Line: 35)

stepping curruculum 9 
(Filename: ./Runtime/Export/Debug/Debug.bindings.h Line: 35)

stepping curruculum 9 
(Filename: ./Runtime/Export/Debug/Debug.bindings.h Line: 35)

stepping curruculum 9 
(Filename: ./Runtime/Export/Debug/Debug.bindings.h Line: 35)

stepping curruculum 9 
(Filename: ./Runtime/Export/Debug/Debug.bindings.h Line: 35)

stepping curruculum 9 
(Filename: ./Runtime/Export/Debug/Debug.bindings.h Line: 35)

stepping curruculum 9 
(Filename: ./Runtime/Export/Debug/Debug.bindings.h Line: 35)

stepping curruculum 9 
(Filename: ./Runtime/Export/Debug/Debug.bindings.h Line: 35)

stepping curruculum 9 
(Filename: ./Runtime/Export/Debug/Debug.bindings.h Line: 35)

stepping curruculum 10 
(Filename: ./Runtime/Export/Debug/Debug.bindings.h Line: 35)

stepping curruculum 10 
(Filename: ./Runtime/Export/Debug/Debug.bindings.h Line: 35)

stepping curruculum 10 
(Filename: ./Runtime/Export/Debug/Debug.bindings.h Line: 35)

stepping curruculum 10 
(Filename: ./Runtime/Export/Debug/Debug.bindings.h Line: 35)

stepping curruculum 10 
(Filename: ./Runtime/Export/Debug/Debug.bindings.h Line: 35)

stepping curruculum 10 
(Filename: ./Runtime/Export/Debug/Debug.bindings.h Line: 35)

stepping curruculum 10 
(Filename: ./Runtime/Export/Debug/Debug.bindings.h Line: 35)

stepping curruculum 10 
(Filename: ./Runtime/Export/Debug/Debug.bindings.h Line: 35)

stepping curruculum 10 
(Filename: ./Runtime/Export/Debug/Debug.bindings.h Line: 35)

stepping curruculum 10 
(Filename: ./Runtime/Export/Debug/Debug.bindings.h Line: 35)

stepping curruculum 10 
(Filename: ./Runtime/Export/Debug/Debug.bindings.h Line: 35)

stepping curruculum 10 
(Filename: ./Runtime/Export/Debug/Debug.bindings.h Line: 35)

stepping curruculum 10 
(Filename: ./Runtime/Export/Debug/Debug.bindings.h Line: 35)

stepping curruculum 10 
(Filename: ./Runtime/Export/Debug/Debug.bindings.h Line: 35)

stepping curruculum 10 
(Filename: ./Runtime/Export/Debug/Debug.bindings.h Line: 35)

stepping curruculum 10 
(Filename: ./Runtime/Export/Debug/Debug.bindings.h Line: 35)

stepping curruculum 10 
(Filename: ./Runtime/Export/Debug/Debug.bindings.h Line: 35)

stepping curruculum 10 
(Filename: ./Runtime/Export/Debug/Debug.bindings.h Line: 35)

stepping curruculum 11 
(Filename: ./Runtime/Export/Debug/Debug.bindings.h Line: 35)

stepping curruculum 11 
(Filename: ./Runtime/Export/Debug/Debug.bindings.h Line: 35)

stepping curruculum 11 
(Filename: ./Runtime/Export/Debug/Debug.bindings.h Line: 35)

stepping curruculum 11 
(Filename: ./Runtime/Export/Debug/Debug.bindings.h Line: 35)

stepping curruculum 11 
(Filename: ./Runtime/Export/Debug/Debug.bindings.h Line: 35)

stepping curruculum 11 
(Filename: ./Runtime/Export/Debug/Debug.bindings.h Line: 35)

stepping curruculum 11 
(Filename: ./Runtime/Export/Debug/Debug.bindings.h Line: 35)

stepping curruculum 11 
(Filename: ./Runtime/Export/Debug/Debug.bindings.h Line: 35)

stepping curruculum 11 
(Filename: ./Runtime/Export/Debug/Debug.bindings.h Line: 35)

stepping curruculum 11 
(Filename: ./Runtime/Export/Debug/Debug.bindings.h Line: 35)

stepping curruculum 11 
(Filename: ./Runtime/Export/Debug/Debug.bindings.h Line: 35)

stepping curruculum 11 
(Filename: ./Runtime/Export/Debug/Debug.bindings.h Line: 35)

stepping curruculum 11 
(Filename: ./Runtime/Export/Debug/Debug.bindings.h Line: 35)

stepping curruculum 11 
(Filename: ./Runtime/Export/Debug/Debug.bindings.h Line: 35)

stepping curruculum 11 
(Filename: ./Runtime/Export/Debug/Debug.bindings.h Line: 35)

stepping curruculum 11 
(Filename: ./Runtime/Export/Debug/Debug.bindings.h Line: 35)

stepping curruculum 11 
(Filename: ./Runtime/Export/Debug/Debug.bindings.h Line: 35)

stepping curruculum 11 
(Filename: ./Runtime/Export/Debug/Debug.bindings.h Line: 35)

stepping curruculum 12 
(Filename: ./Runtime/Export/Debug/Debug.bindings.h Line: 35)

stepping curruculum 12 
(Filename: ./Runtime/Export/Debug/Debug.bindings.h Line: 35)

stepping curruculum 12 
(Filename: ./Runtime/Export/Debug/Debug.bindings.h Line: 35)

stepping curruculum 12 
(Filename: ./Runtime/Export/Debug/Debug.bindings.h Line: 35)

stepping curruculum 12 
(Filename: ./Runtime/Export/Debug/Debug.bindings.h Line: 35)

stepping curruculum 12 
(Filename: ./Runtime/Export/Debug/Debug.bindings.h Line: 35)

stepping curruculum 12 
(Filename: ./Runtime/Export/Debug/Debug.bindings.h Line: 35)

stepping curruculum 12 
(Filename: ./Runtime/Export/Debug/Debug.bindings.h Line: 35)

stepping curruculum 12 
(Filename: ./Runtime/Export/Debug/Debug.bindings.h Line: 35)

stepping curruculum 12 
(Filename: ./Runtime/Export/Debug/Debug.bindings.h Line: 35)

Setting up 28 worker threads for Enlighten.
  Thread -> id: 149be2113700 -> priority: 1 
  Thread -> id: 149be1f12700 -> priority: 1 
  Thread -> id: 149be1d11700 -> priority: 1 
  Thread -> id: 149be1b10700 -> priority: 1 
  Thread -> id: 149be190f700 -> priority: 1 
  Thread -> id: 149be170e700 -> priority: 1 
  Thread -> id: 149be150d700 -> priority: 1 
  Thread -> id: 149be130c700 -> priority: 1 
  Thread -> id: 149be110b700 -> priority: 1 
  Thread -> id: 149be0f0a700 -> priority: 1 
  Thread -> id: 149be0d09700 -> priority: 1 
  Thread -> id: 149be0b08700 -> priority: 1 
  Thread -> id: 149be0907700 -> priority: 1 
  Thread -> id: 149be0706700 -> priority: 1 
  Thread -> id: 149be0505700 -> priority: 1 
  Thread -> id: 149be0304700 -> priority: 1 
  Thread -> id: 149b67fff700 -> priority: 1 
  Thread -> id: 149b67dfe700 -> priority: 1 
  Thread -> id: 149b67bfd700 -> priority: 1 
  Thread -> id: 149b679fc700 -> priority: 1 
  Thread -> id: 149b677fb700 -> priority: 1 
  Thread -> id: 149b675fa700 -> priority: 1 
  Thread -> id: 149b673f9700 -> priority: 1 
  Thread -> id: 149b671f8700 -> priority: 1 
  Thread -> id: 149b66ff7700 -> priority: 1 
  Thread -> id: 149b66df6700 -> priority: 1 
  Thread -> id: 149b66bf5700 -> priority: 1 
  Thread -> id: 149b669f4700 -> priority: 1 
