Mono path[0] = '/home/576/gp9465/UnityBuilds/TS/Shepherding_BB_Data/Managed'
Mono config path = '/home/576/gp9465/UnityBuilds/TS/Shepherding_BB_Data/MonoBleedingEdge/etc'
Preloaded 'lib_burst_generated.so'
Preloaded 'libgrpc_csharp_ext.x64.so'
Preloaded 'libopus_egpv.so'
Initialize engine version: 2019.4.9f1 (50fe8a171dd9)
[Subsystems] Discovering subsystems at path /home/576/gp9465/UnityBuilds/TS/Shepherding_BB_Data/UnitySubsystems
Forcing GfxDevice: Null
GfxDevice: creating device client; threaded=0
NullGfxDevice:
    Version:  NULL 1.0 [1.0]
    Renderer: Null Device
    Vendor:   Unity Technologies
Begin MonoManager ReloadAssembly
- Completed reload, in  0.264 seconds
UnloadTime: 1.003981 ms
Fallback handler could not load library /home/576/gp9465/UnityBuilds/TS/Shepherding_BB_Data/Mono/libcoreclr.so
Fallback handler could not load library /home/576/gp9465/UnityBuilds/TS/Shepherding_BB_Data/Mono/libcoreclr.so
Fallback handler could not load library /home/576/gp9465/UnityBuilds/TS/Shepherding_BB_Data/Mono/libcoreclr.so
Fallback handler could not load library /home/576/gp9465/UnityBuilds/TS/Shepherding_BB_Data/Mono/libSystem.dylib
Fallback handler could not load library /home/576/gp9465/UnityBuilds/TS/Shepherding_BB_Data/Mono/libSystem.dylib.so
Fallback handler could not load library /home/576/gp9465/UnityBuilds/TS/Shepherding_BB_Data/Mono/libSystem.dylib
Fallback handler could not load library /home/576/gp9465/UnityBuilds/TS/Shepherding_BB_Data/Mono/libcoreclr.so
Fallback handler could not load library /home/576/gp9465/UnityBuilds/TS/Shepherding_BB_Data/Mono/libcoreclr.so
Fallback handler could not load library /home/576/gp9465/UnityBuilds/TS/Shepherding_BB_Data/Mono/libcoreclr.so
Fallback handler could not load library /home/576/gp9465/UnityBuilds/TS/Shepherding_BB_Data/Mono/libSystem.dylib
Fallback handler could not load library /home/576/gp9465/UnityBuilds/TS/Shepherding_BB_Data/Mono/libSystem.dylib.so
Fallback handler could not load library /home/576/gp9465/UnityBuilds/TS/Shepherding_BB_Data/Mono/libSystem.dylib
stepping curruculum 0 
(Filename: ./Runtime/Export/Debug/Debug.bindings.h Line: 35)

stepping curruculum 0 
(Filename: ./Runtime/Export/Debug/Debug.bindings.h Line: 35)

stepping curruculum 0 
(Filename: ./Runtime/Export/Debug/Debug.bindings.h Line: 35)

stepping curruculum 0 
(Filename: ./Runtime/Export/Debug/Debug.bindings.h Line: 35)

stepping curruculum 0 
(Filename: ./Runtime/Export/Debug/Debug.bindings.h Line: 35)

stepping curruculum 0 
(Filename: ./Runtime/Export/Debug/Debug.bindings.h Line: 35)

stepping curruculum 0 
(Filename: ./Runtime/Export/Debug/Debug.bindings.h Line: 35)

stepping curruculum 0 
(Filename: ./Runtime/Export/Debug/Debug.bindings.h Line: 35)

stepping curruculum 0 
(Filename: ./Runtime/Export/Debug/Debug.bindings.h Line: 35)

stepping curruculum 0 
(Filename: ./Runtime/Export/Debug/Debug.bindings.h Line: 35)

stepping curruculum 0 
(Filename: ./Runtime/Export/Debug/Debug.bindings.h Line: 35)

stepping curruculum 0 
(Filename: ./Runtime/Export/Debug/Debug.bindings.h Line: 35)

stepping curruculum 0 
(Filename: ./Runtime/Export/Debug/Debug.bindings.h Line: 35)

stepping curruculum 0 
(Filename: ./Runtime/Export/Debug/Debug.bindings.h Line: 35)

stepping curruculum 0 
(Filename: ./Runtime/Export/Debug/Debug.bindings.h Line: 35)

stepping curruculum 0 
(Filename: ./Runtime/Export/Debug/Debug.bindings.h Line: 35)

stepping curruculum 0 
(Filename: ./Runtime/Export/Debug/Debug.bindings.h Line: 35)

stepping curruculum 0 
(Filename: ./Runtime/Export/Debug/Debug.bindings.h Line: 35)

stepping curruculum 1 
(Filename: ./Runtime/Export/Debug/Debug.bindings.h Line: 35)

stepping curruculum 1 
(Filename: ./Runtime/Export/Debug/Debug.bindings.h Line: 35)

stepping curruculum 1 
(Filename: ./Runtime/Export/Debug/Debug.bindings.h Line: 35)

stepping curruculum 1 
(Filename: ./Runtime/Export/Debug/Debug.bindings.h Line: 35)

stepping curruculum 1 
(Filename: ./Runtime/Export/Debug/Debug.bindings.h Line: 35)

stepping curruculum 1 
(Filename: ./Runtime/Export/Debug/Debug.bindings.h Line: 35)

stepping curruculum 1 
(Filename: ./Runtime/Export/Debug/Debug.bindings.h Line: 35)

stepping curruculum 1 
(Filename: ./Runtime/Export/Debug/Debug.bindings.h Line: 35)

stepping curruculum 1 
(Filename: ./Runtime/Export/Debug/Debug.bindings.h Line: 35)

stepping curruculum 1 
(Filename: ./Runtime/Export/Debug/Debug.bindings.h Line: 35)

stepping curruculum 1 
(Filename: ./Runtime/Export/Debug/Debug.bindings.h Line: 35)

stepping curruculum 1 
(Filename: ./Runtime/Export/Debug/Debug.bindings.h Line: 35)

stepping curruculum 1 
(Filename: ./Runtime/Export/Debug/Debug.bindings.h Line: 35)

stepping curruculum 1 
(Filename: ./Runtime/Export/Debug/Debug.bindings.h Line: 35)

stepping curruculum 1 
(Filename: ./Runtime/Export/Debug/Debug.bindings.h Line: 35)

stepping curruculum 1 
(Filename: ./Runtime/Export/Debug/Debug.bindings.h Line: 35)

stepping curruculum 1 
(Filename: ./Runtime/Export/Debug/Debug.bindings.h Line: 35)

stepping curruculum 1 
(Filename: ./Runtime/Export/Debug/Debug.bindings.h Line: 35)

stepping curruculum 2 
(Filename: ./Runtime/Export/Debug/Debug.bindings.h Line: 35)

stepping curruculum 2 
(Filename: ./Runtime/Export/Debug/Debug.bindings.h Line: 35)

stepping curruculum 2 
(Filename: ./Runtime/Export/Debug/Debug.bindings.h Line: 35)

stepping curruculum 2 
(Filename: ./Runtime/Export/Debug/Debug.bindings.h Line: 35)

stepping curruculum 2 
(Filename: ./Runtime/Export/Debug/Debug.bindings.h Line: 35)

stepping curruculum 2 
(Filename: ./Runtime/Export/Debug/Debug.bindings.h Line: 35)

stepping curruculum 2 
(Filename: ./Runtime/Export/Debug/Debug.bindings.h Line: 35)

stepping curruculum 2 
(Filename: ./Runtime/Export/Debug/Debug.bindings.h Line: 35)

stepping curruculum 2 
(Filename: ./Runtime/Export/Debug/Debug.bindings.h Line: 35)

stepping curruculum 2 
(Filename: ./Runtime/Export/Debug/Debug.bindings.h Line: 35)

stepping curruculum 2 
(Filename: ./Runtime/Export/Debug/Debug.bindings.h Line: 35)

stepping curruculum 2 
(Filename: ./Runtime/Export/Debug/Debug.bindings.h Line: 35)

stepping curruculum 2 
(Filename: ./Runtime/Export/Debug/Debug.bindings.h Line: 35)

stepping curruculum 2 
(Filename: ./Runtime/Export/Debug/Debug.bindings.h Line: 35)

stepping curruculum 2 
(Filename: ./Runtime/Export/Debug/Debug.bindings.h Line: 35)

stepping curruculum 2 
(Filename: ./Runtime/Export/Debug/Debug.bindings.h Line: 35)

stepping curruculum 2 
(Filename: ./Runtime/Export/Debug/Debug.bindings.h Line: 35)

stepping curruculum 2 
(Filename: ./Runtime/Export/Debug/Debug.bindings.h Line: 35)

stepping curruculum 3 
(Filename: ./Runtime/Export/Debug/Debug.bindings.h Line: 35)

stepping curruculum 3 
(Filename: ./Runtime/Export/Debug/Debug.bindings.h Line: 35)

stepping curruculum 3 
(Filename: ./Runtime/Export/Debug/Debug.bindings.h Line: 35)

stepping curruculum 3 
(Filename: ./Runtime/Export/Debug/Debug.bindings.h Line: 35)

stepping curruculum 3 
(Filename: ./Runtime/Export/Debug/Debug.bindings.h Line: 35)

stepping curruculum 3 
(Filename: ./Runtime/Export/Debug/Debug.bindings.h Line: 35)

stepping curruculum 3 
(Filename: ./Runtime/Export/Debug/Debug.bindings.h Line: 35)

stepping curruculum 3 
(Filename: ./Runtime/Export/Debug/Debug.bindings.h Line: 35)

stepping curruculum 3 
(Filename: ./Runtime/Export/Debug/Debug.bindings.h Line: 35)

stepping curruculum 3 
(Filename: ./Runtime/Export/Debug/Debug.bindings.h Line: 35)

stepping curruculum 3 
(Filename: ./Runtime/Export/Debug/Debug.bindings.h Line: 35)

stepping curruculum 3 
(Filename: ./Runtime/Export/Debug/Debug.bindings.h Line: 35)

stepping curruculum 3 
(Filename: ./Runtime/Export/Debug/Debug.bindings.h Line: 35)

stepping curruculum 3 
(Filename: ./Runtime/Export/Debug/Debug.bindings.h Line: 35)

stepping curruculum 3 
(Filename: ./Runtime/Export/Debug/Debug.bindings.h Line: 35)

stepping curruculum 3 
(Filename: ./Runtime/Export/Debug/Debug.bindings.h Line: 35)

stepping curruculum 3 
(Filename: ./Runtime/Export/Debug/Debug.bindings.h Line: 35)

stepping curruculum 3 
(Filename: ./Runtime/Export/Debug/Debug.bindings.h Line: 35)

stepping curruculum 4 
(Filename: ./Runtime/Export/Debug/Debug.bindings.h Line: 35)

stepping curruculum 4 
(Filename: ./Runtime/Export/Debug/Debug.bindings.h Line: 35)

stepping curruculum 4 
(Filename: ./Runtime/Export/Debug/Debug.bindings.h Line: 35)

stepping curruculum 4 
(Filename: ./Runtime/Export/Debug/Debug.bindings.h Line: 35)

stepping curruculum 4 
(Filename: ./Runtime/Export/Debug/Debug.bindings.h Line: 35)

stepping curruculum 4 
(Filename: ./Runtime/Export/Debug/Debug.bindings.h Line: 35)

stepping curruculum 4 
(Filename: ./Runtime/Export/Debug/Debug.bindings.h Line: 35)

stepping curruculum 4 
(Filename: ./Runtime/Export/Debug/Debug.bindings.h Line: 35)

stepping curruculum 4 
(Filename: ./Runtime/Export/Debug/Debug.bindings.h Line: 35)

stepping curruculum 4 
(Filename: ./Runtime/Export/Debug/Debug.bindings.h Line: 35)

stepping curruculum 4 
(Filename: ./Runtime/Export/Debug/Debug.bindings.h Line: 35)

stepping curruculum 4 
(Filename: ./Runtime/Export/Debug/Debug.bindings.h Line: 35)

stepping curruculum 4 
(Filename: ./Runtime/Export/Debug/Debug.bindings.h Line: 35)

stepping curruculum 4 
(Filename: ./Runtime/Export/Debug/Debug.bindings.h Line: 35)

stepping curruculum 4 
(Filename: ./Runtime/Export/Debug/Debug.bindings.h Line: 35)

stepping curruculum 4 
(Filename: ./Runtime/Export/Debug/Debug.bindings.h Line: 35)

stepping curruculum 4 
(Filename: ./Runtime/Export/Debug/Debug.bindings.h Line: 35)

stepping curruculum 4 
(Filename: ./Runtime/Export/Debug/Debug.bindings.h Line: 35)

stepping curruculum 5 
(Filename: ./Runtime/Export/Debug/Debug.bindings.h Line: 35)

stepping curruculum 5 
(Filename: ./Runtime/Export/Debug/Debug.bindings.h Line: 35)

stepping curruculum 5 
(Filename: ./Runtime/Export/Debug/Debug.bindings.h Line: 35)

stepping curruculum 5 
(Filename: ./Runtime/Export/Debug/Debug.bindings.h Line: 35)

stepping curruculum 5 
(Filename: ./Runtime/Export/Debug/Debug.bindings.h Line: 35)

stepping curruculum 5 
(Filename: ./Runtime/Export/Debug/Debug.bindings.h Line: 35)

stepping curruculum 5 
(Filename: ./Runtime/Export/Debug/Debug.bindings.h Line: 35)

stepping curruculum 5 
(Filename: ./Runtime/Export/Debug/Debug.bindings.h Line: 35)

stepping curruculum 5 
(Filename: ./Runtime/Export/Debug/Debug.bindings.h Line: 35)

stepping curruculum 5 
(Filename: ./Runtime/Export/Debug/Debug.bindings.h Line: 35)

stepping curruculum 5 
(Filename: ./Runtime/Export/Debug/Debug.bindings.h Line: 35)

stepping curruculum 5 
(Filename: ./Runtime/Export/Debug/Debug.bindings.h Line: 35)

stepping curruculum 5 
(Filename: ./Runtime/Export/Debug/Debug.bindings.h Line: 35)

stepping curruculum 5 
(Filename: ./Runtime/Export/Debug/Debug.bindings.h Line: 35)

stepping curruculum 5 
(Filename: ./Runtime/Export/Debug/Debug.bindings.h Line: 35)

stepping curruculum 5 
(Filename: ./Runtime/Export/Debug/Debug.bindings.h Line: 35)

stepping curruculum 5 
(Filename: ./Runtime/Export/Debug/Debug.bindings.h Line: 35)

stepping curruculum 5 
(Filename: ./Runtime/Export/Debug/Debug.bindings.h Line: 35)

stepping curruculum 6 
(Filename: ./Runtime/Export/Debug/Debug.bindings.h Line: 35)

stepping curruculum 6 
(Filename: ./Runtime/Export/Debug/Debug.bindings.h Line: 35)

stepping curruculum 6 
(Filename: ./Runtime/Export/Debug/Debug.bindings.h Line: 35)

stepping curruculum 6 
(Filename: ./Runtime/Export/Debug/Debug.bindings.h Line: 35)

stepping curruculum 6 
(Filename: ./Runtime/Export/Debug/Debug.bindings.h Line: 35)

stepping curruculum 6 
(Filename: ./Runtime/Export/Debug/Debug.bindings.h Line: 35)

stepping curruculum 6 
(Filename: ./Runtime/Export/Debug/Debug.bindings.h Line: 35)

stepping curruculum 6 
(Filename: ./Runtime/Export/Debug/Debug.bindings.h Line: 35)

stepping curruculum 6 
(Filename: ./Runtime/Export/Debug/Debug.bindings.h Line: 35)

stepping curruculum 6 
(Filename: ./Runtime/Export/Debug/Debug.bindings.h Line: 35)

stepping curruculum 6 
(Filename: ./Runtime/Export/Debug/Debug.bindings.h Line: 35)

stepping curruculum 6 
(Filename: ./Runtime/Export/Debug/Debug.bindings.h Line: 35)

stepping curruculum 6 
(Filename: ./Runtime/Export/Debug/Debug.bindings.h Line: 35)

stepping curruculum 6 
(Filename: ./Runtime/Export/Debug/Debug.bindings.h Line: 35)

stepping curruculum 6 
(Filename: ./Runtime/Export/Debug/Debug.bindings.h Line: 35)

stepping curruculum 6 
(Filename: ./Runtime/Export/Debug/Debug.bindings.h Line: 35)

stepping curruculum 6 
(Filename: ./Runtime/Export/Debug/Debug.bindings.h Line: 35)

stepping curruculum 6 
(Filename: ./Runtime/Export/Debug/Debug.bindings.h Line: 35)

stepping curruculum 7 
(Filename: ./Runtime/Export/Debug/Debug.bindings.h Line: 35)

stepping curruculum 7 
(Filename: ./Runtime/Export/Debug/Debug.bindings.h Line: 35)

stepping curruculum 7 
(Filename: ./Runtime/Export/Debug/Debug.bindings.h Line: 35)

stepping curruculum 7 
(Filename: ./Runtime/Export/Debug/Debug.bindings.h Line: 35)

stepping curruculum 7 
(Filename: ./Runtime/Export/Debug/Debug.bindings.h Line: 35)

stepping curruculum 7 
(Filename: ./Runtime/Export/Debug/Debug.bindings.h Line: 35)

stepping curruculum 7 
(Filename: ./Runtime/Export/Debug/Debug.bindings.h Line: 35)

stepping curruculum 7 
(Filename: ./Runtime/Export/Debug/Debug.bindings.h Line: 35)

stepping curruculum 7 
(Filename: ./Runtime/Export/Debug/Debug.bindings.h Line: 35)

stepping curruculum 7 
(Filename: ./Runtime/Export/Debug/Debug.bindings.h Line: 35)

stepping curruculum 7 
(Filename: ./Runtime/Export/Debug/Debug.bindings.h Line: 35)

stepping curruculum 7 
(Filename: ./Runtime/Export/Debug/Debug.bindings.h Line: 35)

stepping curruculum 7 
(Filename: ./Runtime/Export/Debug/Debug.bindings.h Line: 35)

stepping curruculum 7 
(Filename: ./Runtime/Export/Debug/Debug.bindings.h Line: 35)

stepping curruculum 7 
(Filename: ./Runtime/Export/Debug/Debug.bindings.h Line: 35)

stepping curruculum 7 
(Filename: ./Runtime/Export/Debug/Debug.bindings.h Line: 35)

stepping curruculum 7 
(Filename: ./Runtime/Export/Debug/Debug.bindings.h Line: 35)

stepping curruculum 7 
(Filename: ./Runtime/Export/Debug/Debug.bindings.h Line: 35)

stepping curruculum 8 
(Filename: ./Runtime/Export/Debug/Debug.bindings.h Line: 35)

stepping curruculum 8 
(Filename: ./Runtime/Export/Debug/Debug.bindings.h Line: 35)

stepping curruculum 8 
(Filename: ./Runtime/Export/Debug/Debug.bindings.h Line: 35)

stepping curruculum 8 
(Filename: ./Runtime/Export/Debug/Debug.bindings.h Line: 35)

stepping curruculum 8 
(Filename: ./Runtime/Export/Debug/Debug.bindings.h Line: 35)

stepping curruculum 8 
(Filename: ./Runtime/Export/Debug/Debug.bindings.h Line: 35)

stepping curruculum 8 
(Filename: ./Runtime/Export/Debug/Debug.bindings.h Line: 35)

stepping curruculum 8 
(Filename: ./Runtime/Export/Debug/Debug.bindings.h Line: 35)

stepping curruculum 8 
(Filename: ./Runtime/Export/Debug/Debug.bindings.h Line: 35)

stepping curruculum 8 
(Filename: ./Runtime/Export/Debug/Debug.bindings.h Line: 35)

stepping curruculum 8 
(Filename: ./Runtime/Export/Debug/Debug.bindings.h Line: 35)

stepping curruculum 8 
(Filename: ./Runtime/Export/Debug/Debug.bindings.h Line: 35)

stepping curruculum 8 
(Filename: ./Runtime/Export/Debug/Debug.bindings.h Line: 35)

stepping curruculum 8 
(Filename: ./Runtime/Export/Debug/Debug.bindings.h Line: 35)

stepping curruculum 8 
(Filename: ./Runtime/Export/Debug/Debug.bindings.h Line: 35)

stepping curruculum 8 
(Filename: ./Runtime/Export/Debug/Debug.bindings.h Line: 35)

stepping curruculum 8 
(Filename: ./Runtime/Export/Debug/Debug.bindings.h Line: 35)

stepping curruculum 8 
(Filename: ./Runtime/Export/Debug/Debug.bindings.h Line: 35)

stepping curruculum 9 
(Filename: ./Runtime/Export/Debug/Debug.bindings.h Line: 35)

stepping curruculum 9 
(Filename: ./Runtime/Export/Debug/Debug.bindings.h Line: 35)

stepping curruculum 9 
(Filename: ./Runtime/Export/Debug/Debug.bindings.h Line: 35)

stepping curruculum 9 
(Filename: ./Runtime/Export/Debug/Debug.bindings.h Line: 35)

stepping curruculum 9 
(Filename: ./Runtime/Export/Debug/Debug.bindings.h Line: 35)

stepping curruculum 9 
(Filename: ./Runtime/Export/Debug/Debug.bindings.h Line: 35)

stepping curruculum 9 
(Filename: ./Runtime/Export/Debug/Debug.bindings.h Line: 35)

stepping curruculum 9 
(Filename: ./Runtime/Export/Debug/Debug.bindings.h Line: 35)

stepping curruculum 9 
(Filename: ./Runtime/Export/Debug/Debug.bindings.h Line: 35)

stepping curruculum 9 
(Filename: ./Runtime/Export/Debug/Debug.bindings.h Line: 35)

stepping curruculum 9 
(Filename: ./Runtime/Export/Debug/Debug.bindings.h Line: 35)

stepping curruculum 9 
(Filename: ./Runtime/Export/Debug/Debug.bindings.h Line: 35)

stepping curruculum 9 
(Filename: ./Runtime/Export/Debug/Debug.bindings.h Line: 35)

stepping curruculum 9 
(Filename: ./Runtime/Export/Debug/Debug.bindings.h Line: 35)

stepping curruculum 9 
(Filename: ./Runtime/Export/Debug/Debug.bindings.h Line: 35)

stepping curruculum 9 
(Filename: ./Runtime/Export/Debug/Debug.bindings.h Line: 35)

stepping curruculum 9 
(Filename: ./Runtime/Export/Debug/Debug.bindings.h Line: 35)

stepping curruculum 9 
(Filename: ./Runtime/Export/Debug/Debug.bindings.h Line: 35)

stepping curruculum 10 
(Filename: ./Runtime/Export/Debug/Debug.bindings.h Line: 35)

stepping curruculum 10 
(Filename: ./Runtime/Export/Debug/Debug.bindings.h Line: 35)

stepping curruculum 10 
(Filename: ./Runtime/Export/Debug/Debug.bindings.h Line: 35)

stepping curruculum 10 
(Filename: ./Runtime/Export/Debug/Debug.bindings.h Line: 35)

stepping curruculum 10 
(Filename: ./Runtime/Export/Debug/Debug.bindings.h Line: 35)

stepping curruculum 10 
(Filename: ./Runtime/Export/Debug/Debug.bindings.h Line: 35)

stepping curruculum 10 
(Filename: ./Runtime/Export/Debug/Debug.bindings.h Line: 35)

stepping curruculum 10 
(Filename: ./Runtime/Export/Debug/Debug.bindings.h Line: 35)

stepping curruculum 10 
(Filename: ./Runtime/Export/Debug/Debug.bindings.h Line: 35)

stepping curruculum 10 
(Filename: ./Runtime/Export/Debug/Debug.bindings.h Line: 35)

stepping curruculum 10 
(Filename: ./Runtime/Export/Debug/Debug.bindings.h Line: 35)

stepping curruculum 10 
(Filename: ./Runtime/Export/Debug/Debug.bindings.h Line: 35)

stepping curruculum 10 
(Filename: ./Runtime/Export/Debug/Debug.bindings.h Line: 35)

stepping curruculum 10 
(Filename: ./Runtime/Export/Debug/Debug.bindings.h Line: 35)

stepping curruculum 10 
(Filename: ./Runtime/Export/Debug/Debug.bindings.h Line: 35)

stepping curruculum 10 
(Filename: ./Runtime/Export/Debug/Debug.bindings.h Line: 35)

stepping curruculum 10 
(Filename: ./Runtime/Export/Debug/Debug.bindings.h Line: 35)

stepping curruculum 10 
(Filename: ./Runtime/Export/Debug/Debug.bindings.h Line: 35)

stepping curruculum 11 
(Filename: ./Runtime/Export/Debug/Debug.bindings.h Line: 35)

stepping curruculum 11 
(Filename: ./Runtime/Export/Debug/Debug.bindings.h Line: 35)

stepping curruculum 11 
(Filename: ./Runtime/Export/Debug/Debug.bindings.h Line: 35)

stepping curruculum 11 
(Filename: ./Runtime/Export/Debug/Debug.bindings.h Line: 35)

stepping curruculum 11 
(Filename: ./Runtime/Export/Debug/Debug.bindings.h Line: 35)

stepping curruculum 11 
(Filename: ./Runtime/Export/Debug/Debug.bindings.h Line: 35)

stepping curruculum 11 
(Filename: ./Runtime/Export/Debug/Debug.bindings.h Line: 35)

stepping curruculum 11 
(Filename: ./Runtime/Export/Debug/Debug.bindings.h Line: 35)

stepping curruculum 11 
(Filename: ./Runtime/Export/Debug/Debug.bindings.h Line: 35)

stepping curruculum 11 
(Filename: ./Runtime/Export/Debug/Debug.bindings.h Line: 35)

stepping curruculum 11 
(Filename: ./Runtime/Export/Debug/Debug.bindings.h Line: 35)

stepping curruculum 11 
(Filename: ./Runtime/Export/Debug/Debug.bindings.h Line: 35)

stepping curruculum 11 
(Filename: ./Runtime/Export/Debug/Debug.bindings.h Line: 35)

stepping curruculum 11 
(Filename: ./Runtime/Export/Debug/Debug.bindings.h Line: 35)

stepping curruculum 11 
(Filename: ./Runtime/Export/Debug/Debug.bindings.h Line: 35)

stepping curruculum 11 
(Filename: ./Runtime/Export/Debug/Debug.bindings.h Line: 35)

stepping curruculum 11 
(Filename: ./Runtime/Export/Debug/Debug.bindings.h Line: 35)

stepping curruculum 11 
(Filename: ./Runtime/Export/Debug/Debug.bindings.h Line: 35)

stepping curruculum 12 
(Filename: ./Runtime/Export/Debug/Debug.bindings.h Line: 35)

stepping curruculum 12 
(Filename: ./Runtime/Export/Debug/Debug.bindings.h Line: 35)

stepping curruculum 12 
(Filename: ./Runtime/Export/Debug/Debug.bindings.h Line: 35)

stepping curruculum 12 
(Filename: ./Runtime/Export/Debug/Debug.bindings.h Line: 35)

stepping curruculum 12 
(Filename: ./Runtime/Export/Debug/Debug.bindings.h Line: 35)

stepping curruculum 12 
(Filename: ./Runtime/Export/Debug/Debug.bindings.h Line: 35)

stepping curruculum 12 
(Filename: ./Runtime/Export/Debug/Debug.bindings.h Line: 35)

stepping curruculum 12 
(Filename: ./Runtime/Export/Debug/Debug.bindings.h Line: 35)

stepping curruculum 12 
(Filename: ./Runtime/Export/Debug/Debug.bindings.h Line: 35)

stepping curruculum 12 
(Filename: ./Runtime/Export/Debug/Debug.bindings.h Line: 35)

Setting up 28 worker threads for Enlighten.
  Thread -> id: 14f34584b700 -> priority: 1 
  Thread -> id: 14f34564a700 -> priority: 1 
  Thread -> id: 14f345449700 -> priority: 1 
  Thread -> id: 14f345248700 -> priority: 1 
  Thread -> id: 14f345047700 -> priority: 1 
  Thread -> id: 14f344e46700 -> priority: 1 
  Thread -> id: 14f344c45700 -> priority: 1 
  Thread -> id: 14f344a44700 -> priority: 1 
  Thread -> id: 14f344843700 -> priority: 1 
  Thread -> id: 14f344642700 -> priority: 1 
  Thread -> id: 14f344441700 -> priority: 1 
  Thread -> id: 14f344240700 -> priority: 1 
  Thread -> id: 14f34403f700 -> priority: 1 
  Thread -> id: 14f343e3e700 -> priority: 1 
  Thread -> id: 14f343c3d700 -> priority: 1 
  Thread -> id: 14f343a3c700 -> priority: 1 
  Thread -> id: 14f34383b700 -> priority: 1 
  Thread -> id: 14f34363a700 -> priority: 1 
  Thread -> id: 14f343439700 -> priority: 1 
  Thread -> id: 14f343238700 -> priority: 1 
  Thread -> id: 14f343037700 -> priority: 1 
  Thread -> id: 14f342e36700 -> priority: 1 
  Thread -> id: 14f342c35700 -> priority: 1 
  Thread -> id: 14f342a34700 -> priority: 1 
  Thread -> id: 14f342833700 -> priority: 1 
  Thread -> id: 14f342632700 -> priority: 1 
  Thread -> id: 14f342431700 -> priority: 1 
  Thread -> id: 14f342230700 -> priority: 1 
